This file contains any messages produced by compilers while
running configure, to aid debugging if configure makes a mistake.

It was created by NDT configure 3.6.5.2, which was
generated by GNU Autoconf 2.63.  Invocation command line was

  $ ./configure --build=x86_64-linux-gnu --prefix=/usr --includedir=${prefix}/include --mandir=${prefix}/share/man --infodir=${prefix}/share/info --sysconfdir=/etc --localstatedir=/var --libdir=${prefix}/lib/x86_64-linux-gnu --libexecdir=${prefix}/lib/x86_64-linux-gnu --disable-maintainer-mode --disable-dependency-tracking

## --------- ##
## Platform. ##
## --------- ##

hostname = artoo.mtv.corp.google.com
uname -m = x86_64
uname -r = 3.2.5-gg1236
uname -s = Linux
uname -v = #1 SMP Tue May 21 02:35:06 PDT 2013

/usr/bin/uname -p = unknown
/bin/uname -X     = unknown

/bin/arch              = unknown
/usr/bin/arch -k       = unknown
/usr/convex/getsysinfo = unknown
/usr/bin/hostinfo      = unknown
/bin/machine           = unknown
/usr/bin/oslevel       = unknown
/bin/universe          = unknown

PATH: /usr/sbin
PATH: /usr/bin
PATH: /sbin
PATH: /bin
PATH: /usr/bin/X11


## ----------- ##
## Core tests. ##
## ----------- ##

configure:1922: checking for a BSD-compatible install
configure:1990: result: /usr/bin/install -c
configure:2001: checking whether build environment is sane
configure:2044: result: yes
configure:2106: checking for gawk
configure:2122: found /usr/bin/gawk
configure:2133: result: gawk
configure:2144: checking whether make sets $(MAKE)
configure:2166: result: yes
configure:2359: checking whether to enable debugging
configure:2374: result: no
configure:2379: checking whether to enable experimental code
configure:2393: result: yes
configure:2398: checking whether to enable database support
configure:2412: result: yes
configure:2493: checking for style of include used by make
configure:2521: result: GNU
configure:2594: checking for gcc
configure:2610: found /usr/bin/gcc
configure:2621: result: gcc
configure:2853: checking for C compiler version
configure:2861: gcc --version >&5
gcc (Ubuntu/Linaro 4.6.3-1ubuntu5) 4.6.3
Copyright (C) 2011 Free Software Foundation, Inc.
This is free software; see the source for copying conditions.  There is NO
warranty; not even for MERCHANTABILITY or FITNESS FOR A PARTICULAR PURPOSE.

configure:2865: $? = 0
configure:2872: gcc -v >&5
Using built-in specs.
COLLECT_GCC=gcc
COLLECT_LTO_WRAPPER=/usr/lib/gcc/x86_64-linux-gnu/4.6/lto-wrapper
Target: x86_64-linux-gnu
Configured with: ../src/configure -v --with-pkgversion='Ubuntu/Linaro 4.6.3-1ubuntu5' --with-bugurl=file:///usr/share/doc/gcc-4.6/README.Bugs --enable-languages=c,c++,fortran,objc,obj-c++ --prefix=/usr --program-suffix=-4.6 --enable-shared --enable-linker-build-id --with-system-zlib --libexecdir=/usr/lib --without-included-gettext --enable-threads=posix --with-gxx-include-dir=/usr/include/c++/4.6 --libdir=/usr/lib --enable-nls --with-sysroot=/ --enable-clocale=gnu --enable-libstdcxx-debug --enable-libstdcxx-time=yes --enable-gnu-unique-object --enable-plugin --enable-objc-gc --disable-werror --with-arch-32=i686 --with-tune=generic --enable-checking=release --build=x86_64-linux-gnu --host=x86_64-linux-gnu --target=x86_64-linux-gnu
Thread model: posix
gcc version 4.6.3 (Ubuntu/Linaro 4.6.3-1ubuntu5) 
configure:2876: $? = 0
configure:2883: gcc -V >&5
gcc: error: unrecognized option '-V'
gcc: fatal error: no input files
compilation terminated.
configure:2887: $? = 4
configure:2910: checking for C compiler default output file name
configure:2932: gcc -pedantic -Wall -fno-strict-aliasing -std=gnu99 -DNDEBUG -O2 -DEXPERIMENTAL_ENABLED -DDATABASE_ENABLED -D_FORTIFY_SOURCE=2 -Wl,-Bsymbolic-functions -Wl,-z,relro conftest.c  >&5
configure:2936: $? = 0
configure:2974: result: a.out
configure:2993: checking whether the C compiler works
configure:3003: ./a.out
configure:3007: $? = 0
configure:3026: result: yes
configure:3033: checking whether we are cross compiling
configure:3035: result: no
configure:3038: checking for suffix of executables
configure:3045: gcc -o conftest -pedantic -Wall -fno-strict-aliasing -std=gnu99 -DNDEBUG -O2 -DEXPERIMENTAL_ENABLED -DDATABASE_ENABLED -D_FORTIFY_SOURCE=2 -Wl,-Bsymbolic-functions -Wl,-z,relro conftest.c  >&5
configure:3049: $? = 0
configure:3075: result: 
configure:3081: checking for suffix of object files
configure:3107: gcc -c -pedantic -Wall -fno-strict-aliasing -std=gnu99 -DNDEBUG -O2 -DEXPERIMENTAL_ENABLED -DDATABASE_ENABLED -D_FORTIFY_SOURCE=2 conftest.c >&5
configure:3111: $? = 0
configure:3136: result: o
configure:3140: checking whether we are using the GNU C compiler
configure:3169: gcc -c -pedantic -Wall -fno-strict-aliasing -std=gnu99 -DNDEBUG -O2 -DEXPERIMENTAL_ENABLED -DDATABASE_ENABLED -D_FORTIFY_SOURCE=2 conftest.c >&5
configure:3176: $? = 0
configure:3193: result: yes
configure:3202: checking whether gcc accepts -g
configure:3232: gcc -c -g -D_FORTIFY_SOURCE=2 conftest.c >&5
configure:3239: $? = 0
configure:3340: result: yes
configure:3357: checking for gcc option to accept ISO C89
configure:3431: gcc  -c -pedantic -Wall -fno-strict-aliasing -std=gnu99 -DNDEBUG -O2 -DEXPERIMENTAL_ENABLED -DDATABASE_ENABLED -D_FORTIFY_SOURCE=2 conftest.c >&5
configure:3438: $? = 0
configure:3461: result: none needed
configure:3481: checking dependency style of gcc
configure:3571: result: none
configure:3589: checking for web100_snap in -lweb100
configure:3624: gcc -o conftest -pedantic -Wall -fno-strict-aliasing -std=gnu99 -DNDEBUG -O2 -DEXPERIMENTAL_ENABLED -DDATABASE_ENABLED -D_FORTIFY_SOURCE=2 -Wl,-Bsymbolic-functions -Wl,-z,relro conftest.c -lweb100   >&5
configure:3631: $? = 0
configure:3652: result: yes
configure:3692: checking for pcap_open_live in -lpcap
configure:3727: gcc -o conftest -pedantic -Wall -fno-strict-aliasing -std=gnu99 -DNDEBUG -O2 -DEXPERIMENTAL_ENABLED -DDATABASE_ENABLED -D_FORTIFY_SOURCE=2 -Wl,-Bsymbolic-functions -Wl,-z,relro conftest.c -lpcap   >&5
configure:3734: $? = 0
configure:3755: result: yes
configure:3780: checking how to run the C preprocessor
configure:3820: gcc -E -D_FORTIFY_SOURCE=2 conftest.c
configure:3827: $? = 0
configure:3858: gcc -E -D_FORTIFY_SOURCE=2 conftest.c
conftest.c:12:28: fatal error: ac_nonexistent.h: No such file or directory
compilation terminated.
configure:3865: $? = 1
configure: failed program was:
| /* confdefs.h.  */
| #define PACKAGE_NAME "NDT"
| #define PACKAGE_TARNAME "ndt"
| #define PACKAGE_VERSION "3.6.5.2"
| #define PACKAGE_STRING "NDT 3.6.5.2"
| #define PACKAGE_BUGREPORT "ndt-user@internet2.edu"
| #define PACKAGE "ndt"
| #define VERSION "3.6.5.2"
| #define HAVE_LIBWEB100 1
| #define HAVE_LIBPCAP 1
| /* end confdefs.h.  */
| #include <ac_nonexistent.h>
configure:3898: result: gcc -E
configure:3927: gcc -E -D_FORTIFY_SOURCE=2 conftest.c
configure:3934: $? = 0
configure:3965: gcc -E -D_FORTIFY_SOURCE=2 conftest.c
conftest.c:12:28: fatal error: ac_nonexistent.h: No such file or directory
compilation terminated.
configure:3972: $? = 1
configure: failed program was:
| /* confdefs.h.  */
| #define PACKAGE_NAME "NDT"
| #define PACKAGE_TARNAME "ndt"
| #define PACKAGE_VERSION "3.6.5.2"
| #define PACKAGE_STRING "NDT 3.6.5.2"
| #define PACKAGE_BUGREPORT "ndt-user@internet2.edu"
| #define PACKAGE "ndt"
| #define VERSION "3.6.5.2"
| #define HAVE_LIBWEB100 1
| #define HAVE_LIBPCAP 1
| /* end confdefs.h.  */
| #include <ac_nonexistent.h>
configure:4012: checking for grep that handles long lines and -e
configure:4072: result: /bin/grep
configure:4077: checking for egrep
configure:4141: result: /bin/grep -E
configure:4146: checking for ANSI C header files
configure:4176: gcc -c -pedantic -Wall -fno-strict-aliasing -std=gnu99 -DNDEBUG -O2 -DEXPERIMENTAL_ENABLED -DDATABASE_ENABLED -D_FORTIFY_SOURCE=2 conftest.c >&5
configure:4183: $? = 0
configure:4282: gcc -o conftest -pedantic -Wall -fno-strict-aliasing -std=gnu99 -DNDEBUG -O2 -DEXPERIMENTAL_ENABLED -DDATABASE_ENABLED -D_FORTIFY_SOURCE=2 -Wl,-Bsymbolic-functions -Wl,-z,relro conftest.c  >&5
configure:4286: $? = 0
configure:4292: ./conftest
configure:4296: $? = 0
configure:4314: result: yes
configure:4338: checking for sys/types.h
configure:4359: gcc -c -pedantic -Wall -fno-strict-aliasing -std=gnu99 -DNDEBUG -O2 -DEXPERIMENTAL_ENABLED -DDATABASE_ENABLED -D_FORTIFY_SOURCE=2 conftest.c >&5
configure:4366: $? = 0
configure:4383: result: yes
configure:4338: checking for sys/stat.h
configure:4359: gcc -c -pedantic -Wall -fno-strict-aliasing -std=gnu99 -DNDEBUG -O2 -DEXPERIMENTAL_ENABLED -DDATABASE_ENABLED -D_FORTIFY_SOURCE=2 conftest.c >&5
configure:4366: $? = 0
configure:4383: result: yes
configure:4338: checking for stdlib.h
configure:4359: gcc -c -pedantic -Wall -fno-strict-aliasing -std=gnu99 -DNDEBUG -O2 -DEXPERIMENTAL_ENABLED -DDATABASE_ENABLED -D_FORTIFY_SOURCE=2 conftest.c >&5
configure:4366: $? = 0
configure:4383: result: yes
configure:4338: checking for string.h
configure:4359: gcc -c -pedantic -Wall -fno-strict-aliasing -std=gnu99 -DNDEBUG -O2 -DEXPERIMENTAL_ENABLED -DDATABASE_ENABLED -D_FORTIFY_SOURCE=2 conftest.c >&5
configure:4366: $? = 0
configure:4383: result: yes
configure:4338: checking for memory.h
configure:4359: gcc -c -pedantic -Wall -fno-strict-aliasing -std=gnu99 -DNDEBUG -O2 -DEXPERIMENTAL_ENABLED -DDATABASE_ENABLED -D_FORTIFY_SOURCE=2 conftest.c >&5
configure:4366: $? = 0
configure:4383: result: yes
configure:4338: checking for strings.h
configure:4359: gcc -c -pedantic -Wall -fno-strict-aliasing -std=gnu99 -DNDEBUG -O2 -DEXPERIMENTAL_ENABLED -DDATABASE_ENABLED -D_FORTIFY_SOURCE=2 conftest.c >&5
configure:4366: $? = 0
configure:4383: result: yes
configure:4338: checking for inttypes.h
configure:4359: gcc -c -pedantic -Wall -fno-strict-aliasing -std=gnu99 -DNDEBUG -O2 -DEXPERIMENTAL_ENABLED -DDATABASE_ENABLED -D_FORTIFY_SOURCE=2 conftest.c >&5
configure:4366: $? = 0
configure:4383: result: yes
configure:4338: checking for stdint.h
configure:4359: gcc -c -pedantic -Wall -fno-strict-aliasing -std=gnu99 -DNDEBUG -O2 -DEXPERIMENTAL_ENABLED -DDATABASE_ENABLED -D_FORTIFY_SOURCE=2 conftest.c >&5
configure:4366: $? = 0
configure:4383: result: yes
configure:4338: checking for unistd.h
configure:4359: gcc -c -pedantic -Wall -fno-strict-aliasing -std=gnu99 -DNDEBUG -O2 -DEXPERIMENTAL_ENABLED -DDATABASE_ENABLED -D_FORTIFY_SOURCE=2 conftest.c >&5
configure:4366: $? = 0
configure:4383: result: yes
configure:4407: checking pcap.h usability
configure:4424: gcc -c -pedantic -Wall -fno-strict-aliasing -std=gnu99 -DNDEBUG -O2 -DEXPERIMENTAL_ENABLED -DDATABASE_ENABLED -D_FORTIFY_SOURCE=2 conftest.c >&5
configure:4431: $? = 0
configure:4445: result: yes
configure:4449: checking pcap.h presence
configure:4464: gcc -E -D_FORTIFY_SOURCE=2 conftest.c
configure:4471: $? = 0
configure:4485: result: yes
configure:4518: checking for pcap.h
configure:4525: result: yes
configure:4564: checking for deflateInit_ in -lz
configure:4599: gcc -o conftest -pedantic -Wall -fno-strict-aliasing -std=gnu99 -DNDEBUG -O2 -DEXPERIMENTAL_ENABLED -DDATABASE_ENABLED -D_FORTIFY_SOURCE=2 -Wl,-Bsymbolic-functions -Wl,-z,relro conftest.c -lz   >&5
configure:4606: $? = 0
configure:4627: result: yes
configure:4676: checking zlib.h usability
configure:4693: gcc -c -pedantic -Wall -fno-strict-aliasing -std=gnu99 -DNDEBUG -O2 -DEXPERIMENTAL_ENABLED -DDATABASE_ENABLED -D_FORTIFY_SOURCE=2 conftest.c >&5
configure:4700: $? = 0
configure:4714: result: yes
configure:4718: checking zlib.h presence
configure:4733: gcc -E -D_FORTIFY_SOURCE=2 conftest.c
configure:4740: $? = 0
configure:4754: result: yes
configure:4787: checking for zlib.h
configure:4794: result: yes
configure:4835: checking for SQLDriverConnect in -lodbc
configure:4870: gcc -o conftest -pedantic -Wall -fno-strict-aliasing -std=gnu99 -DNDEBUG -O2 -DEXPERIMENTAL_ENABLED -DDATABASE_ENABLED -D_FORTIFY_SOURCE=2 -Wl,-Bsymbolic-functions -Wl,-z,relro conftest.c -lodbc   >&5
/usr/bin/ld: cannot find -lodbc
collect2: ld returned 1 exit status
configure:4877: $? = 1
configure: failed program was:
| /* confdefs.h.  */
| #define PACKAGE_NAME "NDT"
| #define PACKAGE_TARNAME "ndt"
| #define PACKAGE_VERSION "3.6.5.2"
| #define PACKAGE_STRING "NDT 3.6.5.2"
| #define PACKAGE_BUGREPORT "ndt-user@internet2.edu"
| #define PACKAGE "ndt"
| #define VERSION "3.6.5.2"
| #define HAVE_LIBWEB100 1
| #define HAVE_LIBPCAP 1
| #define STDC_HEADERS 1
| #define HAVE_SYS_TYPES_H 1
| #define HAVE_SYS_STAT_H 1
| #define HAVE_STDLIB_H 1
| #define HAVE_STRING_H 1
| #define HAVE_MEMORY_H 1
| #define HAVE_STRINGS_H 1
| #define HAVE_INTTYPES_H 1
| #define HAVE_STDINT_H 1
| #define HAVE_UNISTD_H 1
| #define HAVE_PCAP_H 1
| #define HAVE_ZLIB 1
| #define HAVE_ZLIB_H 1
| /* end confdefs.h.  */
| 
| /* Override any GCC internal prototype to avoid an error.
|    Use char because int might match the return type of a GCC
|    builtin and then its argument prototype would still apply.  */
| #ifdef __cplusplus
| extern "C"
| #endif
| char SQLDriverConnect ();
| int
| main ()
| {
| return SQLDriverConnect ();
|   ;
|   return 0;
| }
configure:4898: result: no
configure:5001: checking for gcc
configure:5028: result: gcc
configure:5260: checking for C compiler version
configure:5268: gcc --version >&5
gcc (Ubuntu/Linaro 4.6.3-1ubuntu5) 4.6.3
Copyright (C) 2011 Free Software Foundation, Inc.
This is free software; see the source for copying conditions.  There is NO
warranty; not even for MERCHANTABILITY or FITNESS FOR A PARTICULAR PURPOSE.

configure:5272: $? = 0
configure:5279: gcc -v >&5
Using built-in specs.
COLLECT_GCC=gcc
COLLECT_LTO_WRAPPER=/usr/lib/gcc/x86_64-linux-gnu/4.6/lto-wrapper
Target: x86_64-linux-gnu
Configured with: ../src/configure -v --with-pkgversion='Ubuntu/Linaro 4.6.3-1ubuntu5' --with-bugurl=file:///usr/share/doc/gcc-4.6/README.Bugs --enable-languages=c,c++,fortran,objc,obj-c++ --prefix=/usr --program-suffix=-4.6 --enable-shared --enable-linker-build-id --with-system-zlib --libexecdir=/usr/lib --without-included-gettext --enable-threads=posix --with-gxx-include-dir=/usr/include/c++/4.6 --libdir=/usr/lib --enable-nls --with-sysroot=/ --enable-clocale=gnu --enable-libstdcxx-debug --enable-libstdcxx-time=yes --enable-gnu-unique-object --enable-plugin --enable-objc-gc --disable-werror --with-arch-32=i686 --with-tune=generic --enable-checking=release --build=x86_64-linux-gnu --host=x86_64-linux-gnu --target=x86_64-linux-gnu
Thread model: posix
gcc version 4.6.3 (Ubuntu/Linaro 4.6.3-1ubuntu5) 
configure:5283: $? = 0
configure:5290: gcc -V >&5
gcc: error: unrecognized option '-V'
gcc: fatal error: no input files
compilation terminated.
configure:5294: $? = 4
configure:5297: checking whether we are using the GNU C compiler
configure:5350: result: yes
configure:5359: checking whether gcc accepts -g
configure:5497: result: yes
configure:5514: checking for gcc option to accept ISO C89
configure:5618: result: none needed
configure:5638: checking dependency style of gcc
configure:5728: result: none
configure:5745: checking whether ln -s works
configure:5749: result: yes
configure:5761: checking for gcj
configure:5788: result: javac
configure:5810: checking dependency style of javac
configure:5900: result: none
configure:5922: checking for javac
configure:5938: found /usr/bin/javac
configure:5949: result: javac
configure:5974: checking for ANSI C header files
configure:6142: result: yes
configure:6152: checking for sys/wait.h that is POSIX.1 compatible
configure:6188: gcc -c -pedantic -Wall -fno-strict-aliasing -std=gnu99 -DNDEBUG -O2 -DEXPERIMENTAL_ENABLED -DDATABASE_ENABLED -D_FORTIFY_SOURCE=2 conftest.c >&5
configure:6195: $? = 0
configure:6210: result: yes
configure:6249: checking arpa/inet.h usability
configure:6266: gcc -c -pedantic -Wall -fno-strict-aliasing -std=gnu99 -DNDEBUG -O2 -DEXPERIMENTAL_ENABLED -DDATABASE_ENABLED -D_FORTIFY_SOURCE=2 conftest.c >&5
configure:6273: $? = 0
configure:6287: result: yes
configure:6291: checking arpa/inet.h presence
configure:6306: gcc -E -D_FORTIFY_SOURCE=2 conftest.c
configure:6313: $? = 0
configure:6327: result: yes
configure:6360: checking for arpa/inet.h
configure:6369: result: yes
configure:6249: checking fcntl.h usability
configure:6266: gcc -c -pedantic -Wall -fno-strict-aliasing -std=gnu99 -DNDEBUG -O2 -DEXPERIMENTAL_ENABLED -DDATABASE_ENABLED -D_FORTIFY_SOURCE=2 conftest.c >&5
configure:6273: $? = 0
configure:6287: result: yes
configure:6291: checking fcntl.h presence
configure:6306: gcc -E -D_FORTIFY_SOURCE=2 conftest.c
configure:6313: $? = 0
configure:6327: result: yes
configure:6360: checking for fcntl.h
configure:6369: result: yes
configure:6249: checking netdb.h usability
configure:6266: gcc -c -pedantic -Wall -fno-strict-aliasing -std=gnu99 -DNDEBUG -O2 -DEXPERIMENTAL_ENABLED -DDATABASE_ENABLED -D_FORTIFY_SOURCE=2 conftest.c >&5
configure:6273: $? = 0
configure:6287: result: yes
configure:6291: checking netdb.h presence
configure:6306: gcc -E -D_FORTIFY_SOURCE=2 conftest.c
configure:6313: $? = 0
configure:6327: result: yes
configure:6360: checking for netdb.h
configure:6369: result: yes
configure:6249: checking netinet/in.h usability
configure:6266: gcc -c -pedantic -Wall -fno-strict-aliasing -std=gnu99 -DNDEBUG -O2 -DEXPERIMENTAL_ENABLED -DDATABASE_ENABLED -D_FORTIFY_SOURCE=2 conftest.c >&5
configure:6273: $? = 0
configure:6287: result: yes
configure:6291: checking netinet/in.h presence
configure:6306: gcc -E -D_FORTIFY_SOURCE=2 conftest.c
configure:6313: $? = 0
configure:6327: result: yes
configure:6360: checking for netinet/in.h
configure:6369: result: yes
configure:6238: checking for stdlib.h
configure:6245: result: yes
configure:6238: checking for string.h
configure:6245: result: yes
configure:6249: checking sys/socket.h usability
configure:6266: gcc -c -pedantic -Wall -fno-strict-aliasing -std=gnu99 -DNDEBUG -O2 -DEXPERIMENTAL_ENABLED -DDATABASE_ENABLED -D_FORTIFY_SOURCE=2 conftest.c >&5
configure:6273: $? = 0
configure:6287: result: yes
configure:6291: checking sys/socket.h presence
configure:6306: gcc -E -D_FORTIFY_SOURCE=2 conftest.c
configure:6313: $? = 0
configure:6327: result: yes
configure:6360: checking for sys/socket.h
configure:6369: result: yes
configure:6249: checking sys/time.h usability
configure:6266: gcc -c -pedantic -Wall -fno-strict-aliasing -std=gnu99 -DNDEBUG -O2 -DEXPERIMENTAL_ENABLED -DDATABASE_ENABLED -D_FORTIFY_SOURCE=2 conftest.c >&5
configure:6273: $? = 0
configure:6287: result: yes
configure:6291: checking sys/time.h presence
configure:6306: gcc -E -D_FORTIFY_SOURCE=2 conftest.c
configure:6313: $? = 0
configure:6327: result: yes
configure:6360: checking for sys/time.h
configure:6369: result: yes
configure:6238: checking for unistd.h
configure:6245: result: yes
configure:6249: checking linux/sockios.h usability
configure:6266: gcc -c -pedantic -Wall -fno-strict-aliasing -std=gnu99 -DNDEBUG -O2 -DEXPERIMENTAL_ENABLED -DDATABASE_ENABLED -D_FORTIFY_SOURCE=2 conftest.c >&5
configure:6273: $? = 0
configure:6287: result: yes
configure:6291: checking linux/sockios.h presence
configure:6306: gcc -E -D_FORTIFY_SOURCE=2 conftest.c
configure:6313: $? = 0
configure:6327: result: yes
configure:6360: checking for linux/sockios.h
configure:6369: result: yes
configure:6249: checking net/ethernet.h usability
configure:6266: gcc -c -pedantic -Wall -fno-strict-aliasing -std=gnu99 -DNDEBUG -O2 -DEXPERIMENTAL_ENABLED -DDATABASE_ENABLED -D_FORTIFY_SOURCE=2 conftest.c >&5
configure:6273: $? = 0
configure:6287: result: yes
configure:6291: checking net/ethernet.h presence
configure:6306: gcc -E -D_FORTIFY_SOURCE=2 conftest.c
configure:6313: $? = 0
configure:6327: result: yes
configure:6360: checking for net/ethernet.h
configure:6369: result: yes
configure:6249: checking netinet/ip6.h usability
configure:6266: gcc -c -pedantic -Wall -fno-strict-aliasing -std=gnu99 -DNDEBUG -O2 -DEXPERIMENTAL_ENABLED -DDATABASE_ENABLED -D_FORTIFY_SOURCE=2 conftest.c >&5
configure:6273: $? = 0
configure:6287: result: yes
configure:6291: checking netinet/ip6.h presence
configure:6306: gcc -E -D_FORTIFY_SOURCE=2 conftest.c
configure:6313: $? = 0
configure:6327: result: yes
configure:6360: checking for netinet/ip6.h
configure:6369: result: yes
configure:6249: checking linux/icmpv6.h usability
configure:6266: gcc -c -pedantic -Wall -fno-strict-aliasing -std=gnu99 -DNDEBUG -O2 -DEXPERIMENTAL_ENABLED -DDATABASE_ENABLED -D_FORTIFY_SOURCE=2 conftest.c >&5
configure:6273: $? = 0
configure:6287: result: yes
configure:6291: checking linux/icmpv6.h presence
configure:6306: gcc -E -D_FORTIFY_SOURCE=2 conftest.c
configure:6313: $? = 0
configure:6327: result: yes
configure:6360: checking for linux/icmpv6.h
configure:6369: result: yes
configure:6249: checking sql.h usability
configure:6266: gcc -c -pedantic -Wall -fno-strict-aliasing -std=gnu99 -DNDEBUG -O2 -DEXPERIMENTAL_ENABLED -DDATABASE_ENABLED -D_FORTIFY_SOURCE=2 conftest.c >&5
conftest.c:73:17: fatal error: sql.h: No such file or directory
compilation terminated.
configure:6273: $? = 1
configure: failed program was:
| /* confdefs.h.  */
| #define PACKAGE_NAME "NDT"
| #define PACKAGE_TARNAME "ndt"
| #define PACKAGE_VERSION "3.6.5.2"
| #define PACKAGE_STRING "NDT 3.6.5.2"
| #define PACKAGE_BUGREPORT "ndt-user@internet2.edu"
| #define PACKAGE "ndt"
| #define VERSION "3.6.5.2"
| #define HAVE_LIBWEB100 1
| #define HAVE_LIBPCAP 1
| #define STDC_HEADERS 1
| #define HAVE_SYS_TYPES_H 1
| #define HAVE_SYS_STAT_H 1
| #define HAVE_STDLIB_H 1
| #define HAVE_STRING_H 1
| #define HAVE_MEMORY_H 1
| #define HAVE_STRINGS_H 1
| #define HAVE_INTTYPES_H 1
| #define HAVE_STDINT_H 1
| #define HAVE_UNISTD_H 1
| #define HAVE_PCAP_H 1
| #define HAVE_ZLIB 1
| #define HAVE_ZLIB_H 1
| #define STDC_HEADERS 1
| #define HAVE_SYS_WAIT_H 1
| #define HAVE_ARPA_INET_H 1
| #define HAVE_FCNTL_H 1
| #define HAVE_NETDB_H 1
| #define HAVE_NETINET_IN_H 1
| #define HAVE_STDLIB_H 1
| #define HAVE_STRING_H 1
| #define HAVE_SYS_SOCKET_H 1
| #define HAVE_SYS_TIME_H 1
| #define HAVE_UNISTD_H 1
| #define HAVE_LINUX_SOCKIOS_H 1
| #define HAVE_NET_ETHERNET_H 1
| #define HAVE_NETINET_IP6_H 1
| #define HAVE_LINUX_ICMPV6_H 1
| /* end confdefs.h.  */
| #include <stdio.h>
| #ifdef HAVE_SYS_TYPES_H
| # include <sys/types.h>
| #endif
| #ifdef HAVE_SYS_STAT_H
| # include <sys/stat.h>
| #endif
| #ifdef STDC_HEADERS
| # include <stdlib.h>
| # include <stddef.h>
| #else
| # ifdef HAVE_STDLIB_H
| #  include <stdlib.h>
| # endif
| #endif
| #ifdef HAVE_STRING_H
| # if !defined STDC_HEADERS && defined HAVE_MEMORY_H
| #  include <memory.h>
| # endif
| # include <string.h>
| #endif
| #ifdef HAVE_STRINGS_H
| # include <strings.h>
| #endif
| #ifdef HAVE_INTTYPES_H
| # include <inttypes.h>
| #endif
| #ifdef HAVE_STDINT_H
| # include <stdint.h>
| #endif
| #ifdef HAVE_UNISTD_H
| # include <unistd.h>
| #endif
| #include <sql.h>
configure:6287: result: no
configure:6291: checking sql.h presence
configure:6306: gcc -E -D_FORTIFY_SOURCE=2 conftest.c
conftest.c:40:17: fatal error: sql.h: No such file or directory
compilation terminated.
configure:6313: $? = 1
configure: failed program was:
| /* confdefs.h.  */
| #define PACKAGE_NAME "NDT"
| #define PACKAGE_TARNAME "ndt"
| #define PACKAGE_VERSION "3.6.5.2"
| #define PACKAGE_STRING "NDT 3.6.5.2"
| #define PACKAGE_BUGREPORT "ndt-user@internet2.edu"
| #define PACKAGE "ndt"
| #define VERSION "3.6.5.2"
| #define HAVE_LIBWEB100 1
| #define HAVE_LIBPCAP 1
| #define STDC_HEADERS 1
| #define HAVE_SYS_TYPES_H 1
| #define HAVE_SYS_STAT_H 1
| #define HAVE_STDLIB_H 1
| #define HAVE_STRING_H 1
| #define HAVE_MEMORY_H 1
| #define HAVE_STRINGS_H 1
| #define HAVE_INTTYPES_H 1
| #define HAVE_STDINT_H 1
| #define HAVE_UNISTD_H 1
| #define HAVE_PCAP_H 1
| #define HAVE_ZLIB 1
| #define HAVE_ZLIB_H 1
| #define STDC_HEADERS 1
| #define HAVE_SYS_WAIT_H 1
| #define HAVE_ARPA_INET_H 1
| #define HAVE_FCNTL_H 1
| #define HAVE_NETDB_H 1
| #define HAVE_NETINET_IN_H 1
| #define HAVE_STDLIB_H 1
| #define HAVE_STRING_H 1
| #define HAVE_SYS_SOCKET_H 1
| #define HAVE_SYS_TIME_H 1
| #define HAVE_UNISTD_H 1
| #define HAVE_LINUX_SOCKIOS_H 1
| #define HAVE_NET_ETHERNET_H 1
| #define HAVE_NETINET_IP6_H 1
| #define HAVE_LINUX_ICMPV6_H 1
| /* end confdefs.h.  */
| #include <sql.h>
configure:6327: result: no
configure:6360: checking for sql.h
configure:6369: result: no
configure:6386: checking for an ANSI C-conforming const
configure:6461: gcc -c -pedantic -Wall -fno-strict-aliasing -std=gnu99 -DNDEBUG -O2 -DEXPERIMENTAL_ENABLED -DDATABASE_ENABLED -D_FORTIFY_SOURCE=2 conftest.c >&5
conftest.c: In function 'main':
conftest.c:69:10: warning: 't' is used uninitialized in this function [-Wuninitialized]
configure:6468: $? = 0
configure:6483: result: yes
configure:6493: checking whether time.h and sys/time.h may both be included
configure:6523: gcc -c -pedantic -Wall -fno-strict-aliasing -std=gnu99 -DNDEBUG -O2 -DEXPERIMENTAL_ENABLED -DDATABASE_ENABLED -D_FORTIFY_SOURCE=2 conftest.c >&5
configure:6530: $? = 0
configure:6545: result: yes
configure:6557: checking for error_at_line
configure:6583: gcc -o conftest -pedantic -Wall -fno-strict-aliasing -std=gnu99 -DNDEBUG -O2 -DEXPERIMENTAL_ENABLED -DDATABASE_ENABLED -D_FORTIFY_SOURCE=2 -Wl,-Bsymbolic-functions -Wl,-z,relro conftest.c  >&5
configure:6590: $? = 0
configure:6610: result: yes
configure:6621: checking for pid_t
configure:6649: gcc -c -pedantic -Wall -fno-strict-aliasing -std=gnu99 -DNDEBUG -O2 -DEXPERIMENTAL_ENABLED -DDATABASE_ENABLED -D_FORTIFY_SOURCE=2 conftest.c >&5
configure:6656: $? = 0
configure:6683: gcc -c -pedantic -Wall -fno-strict-aliasing -std=gnu99 -DNDEBUG -O2 -DEXPERIMENTAL_ENABLED -DDATABASE_ENABLED -D_FORTIFY_SOURCE=2 conftest.c >&5
conftest.c: In function 'main':
conftest.c:77:20: error: expected expression before ')' token
configure:6690: $? = 1
configure: failed program was:
| /* confdefs.h.  */
| #define PACKAGE_NAME "NDT"
| #define PACKAGE_TARNAME "ndt"
| #define PACKAGE_VERSION "3.6.5.2"
| #define PACKAGE_STRING "NDT 3.6.5.2"
| #define PACKAGE_BUGREPORT "ndt-user@internet2.edu"
| #define PACKAGE "ndt"
| #define VERSION "3.6.5.2"
| #define HAVE_LIBWEB100 1
| #define HAVE_LIBPCAP 1
| #define STDC_HEADERS 1
| #define HAVE_SYS_TYPES_H 1
| #define HAVE_SYS_STAT_H 1
| #define HAVE_STDLIB_H 1
| #define HAVE_STRING_H 1
| #define HAVE_MEMORY_H 1
| #define HAVE_STRINGS_H 1
| #define HAVE_INTTYPES_H 1
| #define HAVE_STDINT_H 1
| #define HAVE_UNISTD_H 1
| #define HAVE_PCAP_H 1
| #define HAVE_ZLIB 1
| #define HAVE_ZLIB_H 1
| #define STDC_HEADERS 1
| #define HAVE_SYS_WAIT_H 1
| #define HAVE_ARPA_INET_H 1
| #define HAVE_FCNTL_H 1
| #define HAVE_NETDB_H 1
| #define HAVE_NETINET_IN_H 1
| #define HAVE_STDLIB_H 1
| #define HAVE_STRING_H 1
| #define HAVE_SYS_SOCKET_H 1
| #define HAVE_SYS_TIME_H 1
| #define HAVE_UNISTD_H 1
| #define HAVE_LINUX_SOCKIOS_H 1
| #define HAVE_NET_ETHERNET_H 1
| #define HAVE_NETINET_IP6_H 1
| #define HAVE_LINUX_ICMPV6_H 1
| #define TIME_WITH_SYS_TIME 1
| /* end confdefs.h.  */
| #include <stdio.h>
| #ifdef HAVE_SYS_TYPES_H
| # include <sys/types.h>
| #endif
| #ifdef HAVE_SYS_STAT_H
| # include <sys/stat.h>
| #endif
| #ifdef STDC_HEADERS
| # include <stdlib.h>
| # include <stddef.h>
| #else
| # ifdef HAVE_STDLIB_H
| #  include <stdlib.h>
| # endif
| #endif
| #ifdef HAVE_STRING_H
| # if !defined STDC_HEADERS && defined HAVE_MEMORY_H
| #  include <memory.h>
| # endif
| # include <string.h>
| #endif
| #ifdef HAVE_STRINGS_H
| # include <strings.h>
| #endif
| #ifdef HAVE_INTTYPES_H
| # include <inttypes.h>
| #endif
| #ifdef HAVE_STDINT_H
| # include <stdint.h>
| #endif
| #ifdef HAVE_UNISTD_H
| # include <unistd.h>
| #endif
| int
| main ()
| {
| if (sizeof ((pid_t)))
| 	  return 0;
|   ;
|   return 0;
| }
configure:6713: result: yes
configure:6741: checking vfork.h usability
configure:6758: gcc -c -pedantic -Wall -fno-strict-aliasing -std=gnu99 -DNDEBUG -O2 -DEXPERIMENTAL_ENABLED -DDATABASE_ENABLED -D_FORTIFY_SOURCE=2 conftest.c >&5
conftest.c:74:19: fatal error: vfork.h: No such file or directory
compilation terminated.
configure:6765: $? = 1
configure: failed program was:
| /* confdefs.h.  */
| #define PACKAGE_NAME "NDT"
| #define PACKAGE_TARNAME "ndt"
| #define PACKAGE_VERSION "3.6.5.2"
| #define PACKAGE_STRING "NDT 3.6.5.2"
| #define PACKAGE_BUGREPORT "ndt-user@internet2.edu"
| #define PACKAGE "ndt"
| #define VERSION "3.6.5.2"
| #define HAVE_LIBWEB100 1
| #define HAVE_LIBPCAP 1
| #define STDC_HEADERS 1
| #define HAVE_SYS_TYPES_H 1
| #define HAVE_SYS_STAT_H 1
| #define HAVE_STDLIB_H 1
| #define HAVE_STRING_H 1
| #define HAVE_MEMORY_H 1
| #define HAVE_STRINGS_H 1
| #define HAVE_INTTYPES_H 1
| #define HAVE_STDINT_H 1
| #define HAVE_UNISTD_H 1
| #define HAVE_PCAP_H 1
| #define HAVE_ZLIB 1
| #define HAVE_ZLIB_H 1
| #define STDC_HEADERS 1
| #define HAVE_SYS_WAIT_H 1
| #define HAVE_ARPA_INET_H 1
| #define HAVE_FCNTL_H 1
| #define HAVE_NETDB_H 1
| #define HAVE_NETINET_IN_H 1
| #define HAVE_STDLIB_H 1
| #define HAVE_STRING_H 1
| #define HAVE_SYS_SOCKET_H 1
| #define HAVE_SYS_TIME_H 1
| #define HAVE_UNISTD_H 1
| #define HAVE_LINUX_SOCKIOS_H 1
| #define HAVE_NET_ETHERNET_H 1
| #define HAVE_NETINET_IP6_H 1
| #define HAVE_LINUX_ICMPV6_H 1
| #define TIME_WITH_SYS_TIME 1
| /* end confdefs.h.  */
| #include <stdio.h>
| #ifdef HAVE_SYS_TYPES_H
| # include <sys/types.h>
| #endif
| #ifdef HAVE_SYS_STAT_H
| # include <sys/stat.h>
| #endif
| #ifdef STDC_HEADERS
| # include <stdlib.h>
| # include <stddef.h>
| #else
| # ifdef HAVE_STDLIB_H
| #  include <stdlib.h>
| # endif
| #endif
| #ifdef HAVE_STRING_H
| # if !defined STDC_HEADERS && defined HAVE_MEMORY_H
| #  include <memory.h>
| # endif
| # include <string.h>
| #endif
| #ifdef HAVE_STRINGS_H
| # include <strings.h>
| #endif
| #ifdef HAVE_INTTYPES_H
| # include <inttypes.h>
| #endif
| #ifdef HAVE_STDINT_H
| # include <stdint.h>
| #endif
| #ifdef HAVE_UNISTD_H
| # include <unistd.h>
| #endif
| #include <vfork.h>
configure:6779: result: no
configure:6783: checking vfork.h presence
configure:6798: gcc -E -D_FORTIFY_SOURCE=2 conftest.c
conftest.c:41:19: fatal error: vfork.h: No such file or directory
compilation terminated.
configure:6805: $? = 1
configure: failed program was:
| /* confdefs.h.  */
| #define PACKAGE_NAME "NDT"
| #define PACKAGE_TARNAME "ndt"
| #define PACKAGE_VERSION "3.6.5.2"
| #define PACKAGE_STRING "NDT 3.6.5.2"
| #define PACKAGE_BUGREPORT "ndt-user@internet2.edu"
| #define PACKAGE "ndt"
| #define VERSION "3.6.5.2"
| #define HAVE_LIBWEB100 1
| #define HAVE_LIBPCAP 1
| #define STDC_HEADERS 1
| #define HAVE_SYS_TYPES_H 1
| #define HAVE_SYS_STAT_H 1
| #define HAVE_STDLIB_H 1
| #define HAVE_STRING_H 1
| #define HAVE_MEMORY_H 1
| #define HAVE_STRINGS_H 1
| #define HAVE_INTTYPES_H 1
| #define HAVE_STDINT_H 1
| #define HAVE_UNISTD_H 1
| #define HAVE_PCAP_H 1
| #define HAVE_ZLIB 1
| #define HAVE_ZLIB_H 1
| #define STDC_HEADERS 1
| #define HAVE_SYS_WAIT_H 1
| #define HAVE_ARPA_INET_H 1
| #define HAVE_FCNTL_H 1
| #define HAVE_NETDB_H 1
| #define HAVE_NETINET_IN_H 1
| #define HAVE_STDLIB_H 1
| #define HAVE_STRING_H 1
| #define HAVE_SYS_SOCKET_H 1
| #define HAVE_SYS_TIME_H 1
| #define HAVE_UNISTD_H 1
| #define HAVE_LINUX_SOCKIOS_H 1
| #define HAVE_NET_ETHERNET_H 1
| #define HAVE_NETINET_IP6_H 1
| #define HAVE_LINUX_ICMPV6_H 1
| #define TIME_WITH_SYS_TIME 1
| /* end confdefs.h.  */
| #include <vfork.h>
configure:6819: result: no
configure:6852: checking for vfork.h
configure:6861: result: no
configure:6881: checking for fork
configure:6937: gcc -o conftest -pedantic -Wall -fno-strict-aliasing -std=gnu99 -DNDEBUG -O2 -DEXPERIMENTAL_ENABLED -DDATABASE_ENABLED -D_FORTIFY_SOURCE=2 -Wl,-Bsymbolic-functions -Wl,-z,relro conftest.c  >&5
conftest.c:64:6: warning: conflicting types for built-in function 'fork' [enabled by default]
configure:6944: $? = 0
configure:6966: result: yes
configure:6881: checking for vfork
configure:6937: gcc -o conftest -pedantic -Wall -fno-strict-aliasing -std=gnu99 -DNDEBUG -O2 -DEXPERIMENTAL_ENABLED -DDATABASE_ENABLED -D_FORTIFY_SOURCE=2 -Wl,-Bsymbolic-functions -Wl,-z,relro conftest.c  >&5
configure:6944: $? = 0
configure:6966: result: yes
configure:6979: checking for working fork
configure:7011: gcc -o conftest -pedantic -Wall -fno-strict-aliasing -std=gnu99 -DNDEBUG -O2 -DEXPERIMENTAL_ENABLED -DDATABASE_ENABLED -D_FORTIFY_SOURCE=2 -Wl,-Bsymbolic-functions -Wl,-z,relro conftest.c  >&5
configure:7015: $? = 0
configure:7021: ./conftest
configure:7025: $? = 0
configure:7042: result: yes
configure:7063: checking for working vfork
configure:7204: result: yes
configure:7240: checking for stdlib.h
configure:7247: result: yes
configure:7386: checking for GNU libc compatible malloc
configure:7420: gcc -o conftest -pedantic -Wall -fno-strict-aliasing -std=gnu99 -DNDEBUG -O2 -DEXPERIMENTAL_ENABLED -DDATABASE_ENABLED -D_FORTIFY_SOURCE=2 -Wl,-Bsymbolic-functions -Wl,-z,relro conftest.c  >&5
configure:7424: $? = 0
configure:7430: ./conftest
configure:7434: $? = 0
configure:7451: result: yes
configure:7496: checking sys/select.h usability
configure:7513: gcc -c -pedantic -Wall -fno-strict-aliasing -std=gnu99 -DNDEBUG -O2 -DEXPERIMENTAL_ENABLED -DDATABASE_ENABLED -D_FORTIFY_SOURCE=2 conftest.c >&5
configure:7520: $? = 0
configure:7534: result: yes
configure:7538: checking sys/select.h presence
configure:7553: gcc -E -D_FORTIFY_SOURCE=2 conftest.c
configure:7560: $? = 0
configure:7574: result: yes
configure:7607: checking for sys/select.h
configure:7616: result: yes
configure:7485: checking for sys/socket.h
configure:7492: result: yes
configure:7631: checking types of arguments for select
configure:7669: gcc -c -pedantic -Wall -fno-strict-aliasing -std=gnu99 -DNDEBUG -O2 -DEXPERIMENTAL_ENABLED -DDATABASE_ENABLED -D_FORTIFY_SOURCE=2 conftest.c >&5
configure:7676: $? = 0
configure:7697: result: int,fd_set *,struct timeval *
configure:7720: checking return type of signal handlers
configure:7748: gcc -c -pedantic -Wall -fno-strict-aliasing -std=gnu99 -DNDEBUG -O2 -DEXPERIMENTAL_ENABLED -DDATABASE_ENABLED -D_FORTIFY_SOURCE=2 conftest.c >&5
conftest.c: In function 'main':
conftest.c:58:1: error: void value not ignored as it ought to be
configure:7755: $? = 1
configure: failed program was:
| /* confdefs.h.  */
| #define PACKAGE_NAME "NDT"
| #define PACKAGE_TARNAME "ndt"
| #define PACKAGE_VERSION "3.6.5.2"
| #define PACKAGE_STRING "NDT 3.6.5.2"
| #define PACKAGE_BUGREPORT "ndt-user@internet2.edu"
| #define PACKAGE "ndt"
| #define VERSION "3.6.5.2"
| #define HAVE_LIBWEB100 1
| #define HAVE_LIBPCAP 1
| #define STDC_HEADERS 1
| #define HAVE_SYS_TYPES_H 1
| #define HAVE_SYS_STAT_H 1
| #define HAVE_STDLIB_H 1
| #define HAVE_STRING_H 1
| #define HAVE_MEMORY_H 1
| #define HAVE_STRINGS_H 1
| #define HAVE_INTTYPES_H 1
| #define HAVE_STDINT_H 1
| #define HAVE_UNISTD_H 1
| #define HAVE_PCAP_H 1
| #define HAVE_ZLIB 1
| #define HAVE_ZLIB_H 1
| #define STDC_HEADERS 1
| #define HAVE_SYS_WAIT_H 1
| #define HAVE_ARPA_INET_H 1
| #define HAVE_FCNTL_H 1
| #define HAVE_NETDB_H 1
| #define HAVE_NETINET_IN_H 1
| #define HAVE_STDLIB_H 1
| #define HAVE_STRING_H 1
| #define HAVE_SYS_SOCKET_H 1
| #define HAVE_SYS_TIME_H 1
| #define HAVE_UNISTD_H 1
| #define HAVE_LINUX_SOCKIOS_H 1
| #define HAVE_NET_ETHERNET_H 1
| #define HAVE_NETINET_IP6_H 1
| #define HAVE_LINUX_ICMPV6_H 1
| #define TIME_WITH_SYS_TIME 1
| #define HAVE_FORK 1
| #define HAVE_VFORK 1
| #define HAVE_WORKING_VFORK 1
| #define HAVE_WORKING_FORK 1
| #define HAVE_STDLIB_H 1
| #define HAVE_MALLOC 1
| #define HAVE_SYS_SELECT_H 1
| #define HAVE_SYS_SOCKET_H 1
| #define SELECT_TYPE_ARG1 int
| #define SELECT_TYPE_ARG234 (fd_set *)
| #define SELECT_TYPE_ARG5 (struct timeval *)
| /* end confdefs.h.  */
| #include <sys/types.h>
| #include <signal.h>
| 
| int
| main ()
| {
| return *(signal (0, 0)) (0) == 1;
|   ;
|   return 0;
| }
configure:7770: result: void
configure:7778: checking for wait3 that fills in rusage
configure:7834: gcc -o conftest -pedantic -Wall -fno-strict-aliasing -std=gnu99 -DNDEBUG -O2 -DEXPERIMENTAL_ENABLED -DDATABASE_ENABLED -D_FORTIFY_SOURCE=2 -Wl,-Bsymbolic-functions -Wl,-z,relro conftest.c  >&5
configure:7838: $? = 0
configure:7844: ./conftest
configure:7848: $? = 0
configure:7865: result: yes
configure:7889: checking for alarm
configure:7945: gcc -o conftest -pedantic -Wall -fno-strict-aliasing -std=gnu99 -DNDEBUG -O2 -DEXPERIMENTAL_ENABLED -DDATABASE_ENABLED -D_FORTIFY_SOURCE=2 -Wl,-Bsymbolic-functions -Wl,-z,relro conftest.c  >&5
configure:7952: $? = 0
configure:7974: result: yes
configure:7889: checking for bzero
configure:7945: gcc -o conftest -pedantic -Wall -fno-strict-aliasing -std=gnu99 -DNDEBUG -O2 -DEXPERIMENTAL_ENABLED -DDATABASE_ENABLED -D_FORTIFY_SOURCE=2 -Wl,-Bsymbolic-functions -Wl,-z,relro conftest.c  >&5
conftest.c:78:6: warning: conflicting types for built-in function 'bzero' [enabled by default]
configure:7952: $? = 0
configure:7974: result: yes
configure:7889: checking for gethostbyaddr
configure:7945: gcc -o conftest -pedantic -Wall -fno-strict-aliasing -std=gnu99 -DNDEBUG -O2 -DEXPERIMENTAL_ENABLED -DDATABASE_ENABLED -D_FORTIFY_SOURCE=2 -Wl,-Bsymbolic-functions -Wl,-z,relro conftest.c  >&5
configure:7952: $? = 0
configure:7974: result: yes
configure:7889: checking for gettimeofday
configure:7945: gcc -o conftest -pedantic -Wall -fno-strict-aliasing -std=gnu99 -DNDEBUG -O2 -DEXPERIMENTAL_ENABLED -DDATABASE_ENABLED -D_FORTIFY_SOURCE=2 -Wl,-Bsymbolic-functions -Wl,-z,relro conftest.c  >&5
configure:7952: $? = 0
configure:7974: result: yes
configure:7889: checking for inet_ntoa
configure:7945: gcc -o conftest -pedantic -Wall -fno-strict-aliasing -std=gnu99 -DNDEBUG -O2 -DEXPERIMENTAL_ENABLED -DDATABASE_ENABLED -D_FORTIFY_SOURCE=2 -Wl,-Bsymbolic-functions -Wl,-z,relro conftest.c  >&5
configure:7952: $? = 0
configure:7974: result: yes
configure:7889: checking for memset
configure:7945: gcc -o conftest -pedantic -Wall -fno-strict-aliasing -std=gnu99 -DNDEBUG -O2 -DEXPERIMENTAL_ENABLED -DDATABASE_ENABLED -D_FORTIFY_SOURCE=2 -Wl,-Bsymbolic-functions -Wl,-z,relro conftest.c  >&5
conftest.c:82:6: warning: conflicting types for built-in function 'memset' [enabled by default]
configure:7952: $? = 0
configure:7974: result: yes
configure:7889: checking for select
configure:7945: gcc -o conftest -pedantic -Wall -fno-strict-aliasing -std=gnu99 -DNDEBUG -O2 -DEXPERIMENTAL_ENABLED -DDATABASE_ENABLED -D_FORTIFY_SOURCE=2 -Wl,-Bsymbolic-functions -Wl,-z,relro conftest.c  >&5
configure:7952: $? = 0
configure:7974: result: yes
configure:7889: checking for socket
configure:7945: gcc -o conftest -pedantic -Wall -fno-strict-aliasing -std=gnu99 -DNDEBUG -O2 -DEXPERIMENTAL_ENABLED -DDATABASE_ENABLED -D_FORTIFY_SOURCE=2 -Wl,-Bsymbolic-functions -Wl,-z,relro conftest.c  >&5
configure:7952: $? = 0
configure:7974: result: yes
configure:7889: checking for sqrt
configure:7945: gcc -o conftest -pedantic -Wall -fno-strict-aliasing -std=gnu99 -DNDEBUG -O2 -DEXPERIMENTAL_ENABLED -DDATABASE_ENABLED -D_FORTIFY_SOURCE=2 -Wl,-Bsymbolic-functions -Wl,-z,relro conftest.c  >&5
conftest.c:85:6: warning: conflicting types for built-in function 'sqrt' [enabled by default]
/tmp/ccDEnR3o.o: In function `main':
conftest.c:(.text.startup+0x7): undefined reference to `sqrt'
collect2: ld returned 1 exit status
configure:7952: $? = 1
configure: failed program was:
| /* confdefs.h.  */
| #define PACKAGE_NAME "NDT"
| #define PACKAGE_TARNAME "ndt"
| #define PACKAGE_VERSION "3.6.5.2"
| #define PACKAGE_STRING "NDT 3.6.5.2"
| #define PACKAGE_BUGREPORT "ndt-user@internet2.edu"
| #define PACKAGE "ndt"
| #define VERSION "3.6.5.2"
| #define HAVE_LIBWEB100 1
| #define HAVE_LIBPCAP 1
| #define STDC_HEADERS 1
| #define HAVE_SYS_TYPES_H 1
| #define HAVE_SYS_STAT_H 1
| #define HAVE_STDLIB_H 1
| #define HAVE_STRING_H 1
| #define HAVE_MEMORY_H 1
| #define HAVE_STRINGS_H 1
| #define HAVE_INTTYPES_H 1
| #define HAVE_STDINT_H 1
| #define HAVE_UNISTD_H 1
| #define HAVE_PCAP_H 1
| #define HAVE_ZLIB 1
| #define HAVE_ZLIB_H 1
| #define STDC_HEADERS 1
| #define HAVE_SYS_WAIT_H 1
| #define HAVE_ARPA_INET_H 1
| #define HAVE_FCNTL_H 1
| #define HAVE_NETDB_H 1
| #define HAVE_NETINET_IN_H 1
| #define HAVE_STDLIB_H 1
| #define HAVE_STRING_H 1
| #define HAVE_SYS_SOCKET_H 1
| #define HAVE_SYS_TIME_H 1
| #define HAVE_UNISTD_H 1
| #define HAVE_LINUX_SOCKIOS_H 1
| #define HAVE_NET_ETHERNET_H 1
| #define HAVE_NETINET_IP6_H 1
| #define HAVE_LINUX_ICMPV6_H 1
| #define TIME_WITH_SYS_TIME 1
| #define HAVE_FORK 1
| #define HAVE_VFORK 1
| #define HAVE_WORKING_VFORK 1
| #define HAVE_WORKING_FORK 1
| #define HAVE_STDLIB_H 1
| #define HAVE_MALLOC 1
| #define HAVE_SYS_SELECT_H 1
| #define HAVE_SYS_SOCKET_H 1
| #define SELECT_TYPE_ARG1 int
| #define SELECT_TYPE_ARG234 (fd_set *)
| #define SELECT_TYPE_ARG5 (struct timeval *)
| #define RETSIGTYPE void
| #define HAVE_WAIT3 1
| #define HAVE_ALARM 1
| #define HAVE_BZERO 1
| #define HAVE_GETHOSTBYADDR 1
| #define HAVE_GETTIMEOFDAY 1
| #define HAVE_INET_NTOA 1
| #define HAVE_MEMSET 1
| #define HAVE_SELECT 1
| #define HAVE_SOCKET 1
| /* end confdefs.h.  */
| /* Define sqrt to an innocuous variant, in case <limits.h> declares sqrt.
|    For example, HP-UX 11i <limits.h> declares gettimeofday.  */
| #define sqrt innocuous_sqrt
| 
| /* System header to define __stub macros and hopefully few prototypes,
|     which can conflict with char sqrt (); below.
|     Prefer <limits.h> to <assert.h> if __STDC__ is defined, since
|     <limits.h> exists even on freestanding compilers.  */
| 
| #ifdef __STDC__
| # include <limits.h>
| #else
| # include <assert.h>
| #endif
| 
| #undef sqrt
| 
| /* Override any GCC internal prototype to avoid an error.
|    Use char because int might match the return type of a GCC
|    builtin and then its argument prototype would still apply.  */
| #ifdef __cplusplus
| extern "C"
| #endif
| char sqrt ();
| /* The GNU C library defines this for functions which it implements
|     to always fail with ENOSYS.  Some functions are actually named
|     something starting with __ and the normal name is an alias.  */
| #if defined __stub_sqrt || defined __stub___sqrt
| choke me
| #endif
| 
| int
| main ()
| {
| return sqrt ();
|   ;
|   return 0;
| }
configure:7974: result: no
configure:7889: checking for strchr
configure:7945: gcc -o conftest -pedantic -Wall -fno-strict-aliasing -std=gnu99 -DNDEBUG -O2 -DEXPERIMENTAL_ENABLED -DDATABASE_ENABLED -D_FORTIFY_SOURCE=2 -Wl,-Bsymbolic-functions -Wl,-z,relro conftest.c  >&5
conftest.c:85:6: warning: conflicting types for built-in function 'strchr' [enabled by default]
configure:7952: $? = 0
configure:7974: result: yes
configure:7889: checking for strstr
configure:7945: gcc -o conftest -pedantic -Wall -fno-strict-aliasing -std=gnu99 -DNDEBUG -O2 -DEXPERIMENTAL_ENABLED -DDATABASE_ENABLED -D_FORTIFY_SOURCE=2 -Wl,-Bsymbolic-functions -Wl,-z,relro conftest.c  >&5
conftest.c:86:6: warning: conflicting types for built-in function 'strstr' [enabled by default]
configure:7952: $? = 0
configure:7974: result: yes
configure:8183: creating ./config.status

## ---------------------- ##
## Running config.status. ##
## ---------------------- ##

This file was extended by NDT config.status 3.6.5.2, which was
generated by GNU Autoconf 2.63.  Invocation command line was

  CONFIG_FILES    = 
  CONFIG_HEADERS  = 
  CONFIG_LINKS    = 
  CONFIG_COMMANDS = 
  $ ./config.status 

on artoo.mtv.corp.google.com

config.status:855: creating Makefile
config.status:855: creating src/Makefile
config.status:855: creating Admin/Makefile
config.status:855: creating Applet/Makefile
config.status:855: creating conf/Makefile
config.status:855: creating doc/Makefile
config.status:855: creating janalyze/Makefile
config.status:855: creating config.h
config.status:1122: executing depfiles commands
configure:9571: === configuring in I2util (/home/dominich/git/ndt-debian/ndt-3.6.5.2/I2util)
configure:9674: running /bin/sh ./configure --disable-option-checking '--prefix=/usr'  '--build=x86_64-linux-gnu' '--includedir=${prefix}/include' '--mandir=${prefix}/share/man' '--infodir=${prefix}/share/info' '--sysconfdir=/etc' '--localstatedir=/var' '--libdir=${prefix}/lib/x86_64-linux-gnu' '--libexecdir=${prefix}/lib/x86_64-linux-gnu' '--disable-maintainer-mode' '--disable-dependency-tracking' 'build_alias=x86_64-linux-gnu' 'CFLAGS=-g -O2 -fstack-protector --param=ssp-buffer-size=4 -Wformat -Wformat-security -Werror=format-security' 'LDFLAGS=-Wl,-Bsymbolic-functions -Wl,-z,relro' 'CPPFLAGS=-D_FORTIFY_SOURCE=2' --cache-file=/dev/null --srcdir=.

## ---------------- ##
## Cache variables. ##
## ---------------- ##

ac_cv_c_compiler_gnu=yes
ac_cv_c_const=yes
ac_cv_env_CC_set=
ac_cv_env_CC_value=
ac_cv_env_CFLAGS_set=set
ac_cv_env_CFLAGS_value='-g -O2 -fstack-protector --param=ssp-buffer-size=4 -Wformat -Wformat-security -Werror=format-security'
ac_cv_env_CPPFLAGS_set=set
ac_cv_env_CPPFLAGS_value=-D_FORTIFY_SOURCE=2
ac_cv_env_CPP_set=
ac_cv_env_CPP_value=
ac_cv_env_LDFLAGS_set=set
ac_cv_env_LDFLAGS_value='-Wl,-Bsymbolic-functions -Wl,-z,relro'
ac_cv_env_LIBS_set=
ac_cv_env_LIBS_value=
ac_cv_env_build_alias_set=set
ac_cv_env_build_alias_value=x86_64-linux-gnu
ac_cv_env_host_alias_set=
ac_cv_env_host_alias_value=
ac_cv_env_target_alias_set=
ac_cv_env_target_alias_value=
ac_cv_func_alarm=yes
ac_cv_func_bzero=yes
ac_cv_func_fork=yes
ac_cv_func_fork_works=yes
ac_cv_func_gethostbyaddr=yes
ac_cv_func_gettimeofday=yes
ac_cv_func_inet_ntoa=yes
ac_cv_func_malloc_0_nonnull=yes
ac_cv_func_memset=yes
ac_cv_func_select=yes
ac_cv_func_select_args='int,fd_set *,struct timeval *'
ac_cv_func_socket=yes
ac_cv_func_sqrt=no
ac_cv_func_strchr=yes
ac_cv_func_strstr=yes
ac_cv_func_vfork=yes
ac_cv_func_vfork_works=yes
ac_cv_func_wait3_rusage=yes
ac_cv_header_arpa_inet_h=yes
ac_cv_header_fcntl_h=yes
ac_cv_header_inttypes_h=yes
ac_cv_header_linux_icmpv6_h=yes
ac_cv_header_linux_sockios_h=yes
ac_cv_header_memory_h=yes
ac_cv_header_net_ethernet_h=yes
ac_cv_header_netdb_h=yes
ac_cv_header_netinet_in_h=yes
ac_cv_header_netinet_ip6_h=yes
ac_cv_header_pcap_h=yes
ac_cv_header_sql_h=no
ac_cv_header_stdc=yes
ac_cv_header_stdint_h=yes
ac_cv_header_stdlib_h=yes
ac_cv_header_string_h=yes
ac_cv_header_strings_h=yes
ac_cv_header_sys_select_h=yes
ac_cv_header_sys_socket_h=yes
ac_cv_header_sys_stat_h=yes
ac_cv_header_sys_time_h=yes
ac_cv_header_sys_types_h=yes
ac_cv_header_sys_wait_h=yes
ac_cv_header_time=yes
ac_cv_header_unistd_h=yes
ac_cv_header_vfork_h=no
ac_cv_header_zlib_h=yes
ac_cv_lib_error_at_line=yes
ac_cv_lib_odbc_SQLDriverConnect=no
ac_cv_lib_pcap_pcap_open_live=yes
ac_cv_lib_web100_web100_snap=yes
ac_cv_lib_z_deflateInit_=yes
ac_cv_objext=o
ac_cv_path_EGREP='/bin/grep -E'
ac_cv_path_GREP=/bin/grep
ac_cv_path_install='/usr/bin/install -c'
ac_cv_prog_AWK=gawk
ac_cv_prog_CPP='gcc -E'
ac_cv_prog_GCJ=javac
ac_cv_prog_SGCJ=javac
ac_cv_prog_ac_ct_CC=gcc
ac_cv_prog_cc_c89=
ac_cv_prog_cc_g=yes
ac_cv_prog_make_make_set=yes
ac_cv_type_pid_t=yes
ac_cv_type_signal=void
am_cv_CC_dependencies_compiler_type=none
am_cv_GCJ_dependencies_compiler_type=none

## ----------------- ##
## Output variables. ##
## ----------------- ##

ACLOCAL='${SHELL} /home/dominich/git/ndt-debian/ndt-3.6.5.2/config/missing --run aclocal-1.9'
AMDEPBACKSLASH=''
AMDEP_FALSE=''
AMDEP_TRUE='#'
AMTAR='${SHELL} /home/dominich/git/ndt-debian/ndt-3.6.5.2/config/missing --run tar'
AUTOCONF='${SHELL} /home/dominich/git/ndt-debian/ndt-3.6.5.2/config/missing --run autoconf'
AUTOHEADER='${SHELL} /home/dominich/git/ndt-debian/ndt-3.6.5.2/config/missing --run autoheader'
AUTOMAKE='${SHELL} /home/dominich/git/ndt-debian/ndt-3.6.5.2/config/missing --run automake-1.9'
AWK='gawk'
CC='gcc'
CCDEPMODE='depmode=none'
CFLAGS='-pedantic -Wall -fno-strict-aliasing -std=gnu99 -DNDEBUG -O2 -DEXPERIMENTAL_ENABLED -DDATABASE_ENABLED'
CPP='gcc -E'
CPPFLAGS='-D_FORTIFY_SOURCE=2'
CYGPATH_W='echo'
DEFS='-DHAVE_CONFIG_H'
DEPDIR='.deps'
ECHO_C=''
ECHO_N='-n'
ECHO_T=''
EGREP='/bin/grep -E'
EXEEXT=''
GCJ='javac'
GCJDEPMODE='depmode=none'
GCJFLAGS='-source 1.4'
GREP='/bin/grep'
HAVE_GCJ_FALSE='#'
HAVE_GCJ_TRUE=''
HAVE_PCAP_H_FALSE='#'
HAVE_PCAP_H_TRUE=''
HAVE_WEB100_FALSE='#'
HAVE_WEB100_TRUE=''
HAVE_ZLIB_H_FALSE='#'
HAVE_ZLIB_H_TRUE=''
HAVE_Z_FALSE='#'
HAVE_Z_TRUE=''
I2UTILINCS='-I${top_srcdir}/I2util '
I2UTILLDFLAGS='-L${top_srcdir}/I2util/I2util '
I2UTILLIBDEPS='${top_srcdir}/I2util/I2util/libI2util.a'
I2UTILLIBMAKE='cd ${top_srcdir}/I2util; make'
I2UTILLIBS='-L${top_srcdir}/I2util/I2util  -lI2util'
INCLUDED_PCAPLIB='-I/usr/include/pcap'
INCLUDED_WEB100LIB='-I/usr/local/include/web100'
INSTALL_DATA='${INSTALL} -m 644'
INSTALL_PROGRAM='${INSTALL}'
INSTALL_SCRIPT='${INSTALL}'
INSTALL_STRIP_PROGRAM='${SHELL} $(install_sh) -c -s'
LDFLAGS='-Wl,-Bsymbolic-functions -Wl,-z,relro'
LIBOBJS=''
LIBS=''
LINKED_ODBCLIB=''
LINKED_PCAPLIB='-lpcap'
LINKED_WEB100LIB='-lweb100'
LN_S='ln -s'
LTLIBOBJS=''
MAKEINFO='${SHELL} /home/dominich/git/ndt-debian/ndt-3.6.5.2/config/missing --run makeinfo'
NDTGCJFLAGS='-source 1.4'
NDTINCDIR='$(INCLUDED_WEB100LIB) $(INCLUDED_PCAPLIB)'
NDTINCS='-I$(NDTINCDIR)'
NDTJAR='jar'
NDTJARFLAG='-cmf'
NDTLDFLAGS='-L$(NDTLIBDIR) -Wl,-rpath,$(NDTLIBDIR)'
NDTLIBDIR='/usr/local/lib'
NDTLIBS='$(LINKED_WEB100LIB) $(LINKED_PCAPLIB) $(LINKED_ODBCLIB) -lm'
OBJEXT='o'
PACKAGE='ndt'
PACKAGE_BUGREPORT='ndt-user@internet2.edu'
PACKAGE_NAME='NDT'
PACKAGE_STRING='NDT 3.6.5.2'
PACKAGE_TARNAME='ndt'
PACKAGE_VERSION='3.6.5.2'
PATH_SEPARATOR=':'
SET_MAKE=''
SGCJ='javac'
SHELL='/bin/sh'
STRIP=''
TOP_BUILD_DIRS='I2util '
VERSION='3.6.5.2'
ZLIB='-lz'
ac_aux_dir='config'
ac_ct_CC='gcc'
am__fastdepCC_FALSE=''
am__fastdepCC_TRUE='#'
am__fastdepGCJ_FALSE=''
am__fastdepGCJ_TRUE='#'
am__include='include'
am__leading_dot='.'
am__quote=''
am__tar='${AMTAR} chof - "$$tardir"'
am__untar='${AMTAR} xf -'
bindir='${exec_prefix}/bin'
build_alias='x86_64-linux-gnu'
datadir='${datarootdir}'
datarootdir='${prefix}/share'
docdir='${datarootdir}/doc/${PACKAGE_TARNAME}'
dvidir='${docdir}'
exec_prefix='${prefix}'
host_alias=''
htmldir='${docdir}'
includedir='${prefix}/include'
infodir='${prefix}/share/info'
install_sh='/home/dominich/git/ndt-debian/ndt-3.6.5.2/config/install-sh'
libdir='${prefix}/lib/x86_64-linux-gnu'
libexecdir='${prefix}/lib/x86_64-linux-gnu'
localedir='${datarootdir}/locale'
localstatedir='/var'
mandir='${prefix}/share/man'
mkdir_p='mkdir -p --'
oldincludedir='/usr/include'
pdfdir='${docdir}'
prefix='/usr'
program_transform_name='s,x,x,'
psdir='${docdir}'
sbindir='${exec_prefix}/sbin'
sharedstatedir='${prefix}/com'
subdirs=' I2util'
sysconfdir='/etc'
target_alias=''

## ----------- ##
## confdefs.h. ##
## ----------- ##

#define PACKAGE_NAME "NDT"
#define PACKAGE_TARNAME "ndt"
#define PACKAGE_VERSION "3.6.5.2"
#define PACKAGE_STRING "NDT 3.6.5.2"
#define PACKAGE_BUGREPORT "ndt-user@internet2.edu"
#define PACKAGE "ndt"
#define VERSION "3.6.5.2"
#define HAVE_LIBWEB100 1
#define HAVE_LIBPCAP 1
#define STDC_HEADERS 1
#define HAVE_SYS_TYPES_H 1
#define HAVE_SYS_STAT_H 1
#define HAVE_STDLIB_H 1
#define HAVE_STRING_H 1
#define HAVE_MEMORY_H 1
#define HAVE_STRINGS_H 1
#define HAVE_INTTYPES_H 1
#define HAVE_STDINT_H 1
#define HAVE_UNISTD_H 1
#define HAVE_PCAP_H 1
#define HAVE_ZLIB 1
#define HAVE_ZLIB_H 1
#define STDC_HEADERS 1
#define HAVE_SYS_WAIT_H 1
#define HAVE_ARPA_INET_H 1
#define HAVE_FCNTL_H 1
#define HAVE_NETDB_H 1
#define HAVE_NETINET_IN_H 1
#define HAVE_STDLIB_H 1
#define HAVE_STRING_H 1
#define HAVE_SYS_SOCKET_H 1
#define HAVE_SYS_TIME_H 1
#define HAVE_UNISTD_H 1
#define HAVE_LINUX_SOCKIOS_H 1
#define HAVE_NET_ETHERNET_H 1
#define HAVE_NETINET_IP6_H 1
#define HAVE_LINUX_ICMPV6_H 1
#define TIME_WITH_SYS_TIME 1
#define HAVE_FORK 1
#define HAVE_VFORK 1
#define HAVE_WORKING_VFORK 1
#define HAVE_WORKING_FORK 1
#define HAVE_STDLIB_H 1
#define HAVE_MALLOC 1
#define HAVE_SYS_SELECT_H 1
#define HAVE_SYS_SOCKET_H 1
#define SELECT_TYPE_ARG1 int
#define SELECT_TYPE_ARG234 (fd_set *)
#define SELECT_TYPE_ARG5 (struct timeval *)
#define RETSIGTYPE void
#define HAVE_WAIT3 1
#define HAVE_ALARM 1
#define HAVE_BZERO 1
#define HAVE_GETHOSTBYADDR 1
#define HAVE_GETTIMEOFDAY 1
#define HAVE_INET_NTOA 1
#define HAVE_MEMSET 1
#define HAVE_SELECT 1
#define HAVE_SOCKET 1
#define HAVE_STRCHR 1
#define HAVE_STRSTR 1

configure: exit 0
