This file contains any messages produced by compilers while
running configure, to aid debugging if configure makes a mistake.

It was created by I2util configure 1.2, which was
generated by GNU Autoconf 2.63.  Invocation command line was

  $ ./configure --disable-option-checking --prefix=/usr --build=x86_64-linux-gnu --includedir=${prefix}/include --mandir=${prefix}/share/man --infodir=${prefix}/share/info --sysconfdir=/etc --localstatedir=/var --libdir=${prefix}/lib/x86_64-linux-gnu --libexecdir=${prefix}/lib/x86_64-linux-gnu --disable-maintainer-mode --disable-dependency-tracking build_alias=x86_64-linux-gnu CFLAGS=-g -O2 -fstack-protector --param=ssp-buffer-size=4 -Wformat -Wformat-security -Werror=format-security LDFLAGS=-Wl,-Bsymbolic-functions -Wl,-z,relro CPPFLAGS=-D_FORTIFY_SOURCE=2 --cache-file=/dev/null --srcdir=.

## --------- ##
## Platform. ##
## --------- ##

hostname = artoo.mtv.corp.google.com
uname -m = x86_64
uname -r = 3.2.5-gg1236
uname -s = Linux
uname -v = #1 SMP Tue May 21 02:35:06 PDT 2013

/usr/bin/uname -p = unknown
/bin/uname -X     = unknown

/bin/arch              = unknown
/usr/bin/arch -k       = unknown
/usr/convex/getsysinfo = unknown
/usr/bin/hostinfo      = unknown
/bin/machine           = unknown
/usr/bin/oslevel       = unknown
/bin/universe          = unknown

PATH: /usr/sbin
PATH: /usr/bin
PATH: /sbin
PATH: /bin
PATH: /usr/bin/X11


## ----------- ##
## Core tests. ##
## ----------- ##

configure:1888: checking for a BSD-compatible install
configure:1956: result: /usr/bin/install -c
configure:1967: checking whether build environment is sane
configure:2010: result: yes
configure:2072: checking for gawk
configure:2088: found /usr/bin/gawk
configure:2099: result: gawk
configure:2110: checking whether make sets $(MAKE)
configure:2132: result: yes
configure:2320: checking for kernel random dev
configure:2343: result: /dev/urandom
configure:2396: checking for gcc
configure:2412: found /usr/bin/gcc
configure:2423: result: gcc
configure:2655: checking for C compiler version
configure:2663: gcc --version >&5
gcc (Ubuntu/Linaro 4.6.3-1ubuntu5) 4.6.3
Copyright (C) 2011 Free Software Foundation, Inc.
This is free software; see the source for copying conditions.  There is NO
warranty; not even for MERCHANTABILITY or FITNESS FOR A PARTICULAR PURPOSE.

configure:2667: $? = 0
configure:2674: gcc -v >&5
Using built-in specs.
COLLECT_GCC=gcc
COLLECT_LTO_WRAPPER=/usr/lib/gcc/x86_64-linux-gnu/4.6/lto-wrapper
Target: x86_64-linux-gnu
Configured with: ../src/configure -v --with-pkgversion='Ubuntu/Linaro 4.6.3-1ubuntu5' --with-bugurl=file:///usr/share/doc/gcc-4.6/README.Bugs --enable-languages=c,c++,fortran,objc,obj-c++ --prefix=/usr --program-suffix=-4.6 --enable-shared --enable-linker-build-id --with-system-zlib --libexecdir=/usr/lib --without-included-gettext --enable-threads=posix --with-gxx-include-dir=/usr/include/c++/4.6 --libdir=/usr/lib --enable-nls --with-sysroot=/ --enable-clocale=gnu --enable-libstdcxx-debug --enable-libstdcxx-time=yes --enable-gnu-unique-object --enable-plugin --enable-objc-gc --disable-werror --with-arch-32=i686 --with-tune=generic --enable-checking=release --build=x86_64-linux-gnu --host=x86_64-linux-gnu --target=x86_64-linux-gnu
Thread model: posix
gcc version 4.6.3 (Ubuntu/Linaro 4.6.3-1ubuntu5) 
configure:2678: $? = 0
configure:2685: gcc -V >&5
gcc: error: unrecognized option '-V'
gcc: fatal error: no input files
compilation terminated.
configure:2689: $? = 4
configure:2712: checking for C compiler default output file name
configure:2734: gcc -g -O2 -fstack-protector --param=ssp-buffer-size=4 -Wformat -Wformat-security -Werror=format-security -D_FORTIFY_SOURCE=2 -Wl,-Bsymbolic-functions -Wl,-z,relro conftest.c  >&5
configure:2738: $? = 0
configure:2776: result: a.out
configure:2795: checking whether the C compiler works
configure:2805: ./a.out
configure:2809: $? = 0
configure:2828: result: yes
configure:2835: checking whether we are cross compiling
configure:2837: result: no
configure:2840: checking for suffix of executables
configure:2847: gcc -o conftest -g -O2 -fstack-protector --param=ssp-buffer-size=4 -Wformat -Wformat-security -Werror=format-security -D_FORTIFY_SOURCE=2 -Wl,-Bsymbolic-functions -Wl,-z,relro conftest.c  >&5
configure:2851: $? = 0
configure:2877: result: 
configure:2883: checking for suffix of object files
configure:2909: gcc -c -g -O2 -fstack-protector --param=ssp-buffer-size=4 -Wformat -Wformat-security -Werror=format-security -D_FORTIFY_SOURCE=2 conftest.c >&5
configure:2913: $? = 0
configure:2938: result: o
configure:2942: checking whether we are using the GNU C compiler
configure:2971: gcc -c -g -O2 -fstack-protector --param=ssp-buffer-size=4 -Wformat -Wformat-security -Werror=format-security -D_FORTIFY_SOURCE=2 conftest.c >&5
configure:2978: $? = 0
configure:2995: result: yes
configure:3004: checking whether gcc accepts -g
configure:3034: gcc -c -g -D_FORTIFY_SOURCE=2 conftest.c >&5
configure:3041: $? = 0
configure:3142: result: yes
configure:3159: checking for gcc option to accept ISO C89
configure:3233: gcc  -c -g -O2 -fstack-protector --param=ssp-buffer-size=4 -Wformat -Wformat-security -Werror=format-security -D_FORTIFY_SOURCE=2 conftest.c >&5
configure:3240: $? = 0
configure:3263: result: none needed
configure:3292: checking for style of include used by make
configure:3320: result: GNU
configure:3348: checking dependency style of gcc
configure:3438: result: none
configure:3498: checking for ranlib
configure:3514: found /usr/bin/ranlib
configure:3525: result: ranlib
configure:3554: checking build system type
configure:3572: result: x86_64-pc-linux-gnu
configure:3594: checking host system type
configure:3609: result: x86_64-pc-linux-gnu
configure:3669: checking for library containing getaddrinfo
configure:3710: gcc -o conftest -g -O2 -fstack-protector --param=ssp-buffer-size=4 -Wformat -Wformat-security -Werror=format-security -D_FORTIFY_SOURCE=2 -Wl,-Bsymbolic-functions -Wl,-z,relro conftest.c  >&5
configure:3717: $? = 0
configure:3748: result: none required
configure:3756: checking for library containing gethostbyname
configure:3797: gcc -o conftest -g -O2 -fstack-protector --param=ssp-buffer-size=4 -Wformat -Wformat-security -Werror=format-security -D_FORTIFY_SOURCE=2 -Wl,-Bsymbolic-functions -Wl,-z,relro conftest.c  >&5
configure:3804: $? = 0
configure:3835: result: none required
configure:3843: checking for library containing socket
configure:3884: gcc -o conftest -g -O2 -fstack-protector --param=ssp-buffer-size=4 -Wformat -Wformat-security -Werror=format-security -D_FORTIFY_SOURCE=2 -Wl,-Bsymbolic-functions -Wl,-z,relro conftest.c  >&5
configure:3891: $? = 0
configure:3922: result: none required
configure:3937: checking how to run the C preprocessor
configure:3977: gcc -E -D_FORTIFY_SOURCE=2 conftest.c
configure:3984: $? = 0
configure:4015: gcc -E -D_FORTIFY_SOURCE=2 conftest.c
conftest.c:11:28: fatal error: ac_nonexistent.h: No such file or directory
compilation terminated.
configure:4022: $? = 1
configure: failed program was:
| /* confdefs.h.  */
| #define PACKAGE_NAME "I2util"
| #define PACKAGE_TARNAME "i2util"
| #define PACKAGE_VERSION "1.2"
| #define PACKAGE_STRING "I2util 1.2"
| #define PACKAGE_BUGREPORT "owamp-bugs@internet2.edu"
| #define I2_RANDOMDEV_PATH "/dev/urandom"
| #define _GNU_SOURCE 1
| #define _LARGEFILE_SOURCE 1
| /* end confdefs.h.  */
| #include <ac_nonexistent.h>
configure:4055: result: gcc -E
configure:4084: gcc -E -D_FORTIFY_SOURCE=2 conftest.c
configure:4091: $? = 0
configure:4122: gcc -E -D_FORTIFY_SOURCE=2 conftest.c
conftest.c:11:28: fatal error: ac_nonexistent.h: No such file or directory
compilation terminated.
configure:4129: $? = 1
configure: failed program was:
| /* confdefs.h.  */
| #define PACKAGE_NAME "I2util"
| #define PACKAGE_TARNAME "i2util"
| #define PACKAGE_VERSION "1.2"
| #define PACKAGE_STRING "I2util 1.2"
| #define PACKAGE_BUGREPORT "owamp-bugs@internet2.edu"
| #define I2_RANDOMDEV_PATH "/dev/urandom"
| #define _GNU_SOURCE 1
| #define _LARGEFILE_SOURCE 1
| /* end confdefs.h.  */
| #include <ac_nonexistent.h>
configure:4169: checking for grep that handles long lines and -e
configure:4229: result: /bin/grep
configure:4234: checking for egrep
configure:4298: result: /bin/grep -E
configure:4303: checking for ANSI C header files
configure:4333: gcc -c -g -O2 -fstack-protector --param=ssp-buffer-size=4 -Wformat -Wformat-security -Werror=format-security -D_FORTIFY_SOURCE=2 conftest.c >&5
configure:4340: $? = 0
configure:4439: gcc -o conftest -g -O2 -fstack-protector --param=ssp-buffer-size=4 -Wformat -Wformat-security -Werror=format-security -D_FORTIFY_SOURCE=2 -Wl,-Bsymbolic-functions -Wl,-z,relro conftest.c  >&5
configure:4443: $? = 0
configure:4449: ./conftest
configure:4453: $? = 0
configure:4471: result: yes
configure:4495: checking for sys/types.h
configure:4516: gcc -c -g -O2 -fstack-protector --param=ssp-buffer-size=4 -Wformat -Wformat-security -Werror=format-security -D_FORTIFY_SOURCE=2 conftest.c >&5
configure:4523: $? = 0
configure:4540: result: yes
configure:4495: checking for sys/stat.h
configure:4516: gcc -c -g -O2 -fstack-protector --param=ssp-buffer-size=4 -Wformat -Wformat-security -Werror=format-security -D_FORTIFY_SOURCE=2 conftest.c >&5
configure:4523: $? = 0
configure:4540: result: yes
configure:4495: checking for stdlib.h
configure:4516: gcc -c -g -O2 -fstack-protector --param=ssp-buffer-size=4 -Wformat -Wformat-security -Werror=format-security -D_FORTIFY_SOURCE=2 conftest.c >&5
configure:4523: $? = 0
configure:4540: result: yes
configure:4495: checking for string.h
configure:4516: gcc -c -g -O2 -fstack-protector --param=ssp-buffer-size=4 -Wformat -Wformat-security -Werror=format-security -D_FORTIFY_SOURCE=2 conftest.c >&5
configure:4523: $? = 0
configure:4540: result: yes
configure:4495: checking for memory.h
configure:4516: gcc -c -g -O2 -fstack-protector --param=ssp-buffer-size=4 -Wformat -Wformat-security -Werror=format-security -D_FORTIFY_SOURCE=2 conftest.c >&5
configure:4523: $? = 0
configure:4540: result: yes
configure:4495: checking for strings.h
configure:4516: gcc -c -g -O2 -fstack-protector --param=ssp-buffer-size=4 -Wformat -Wformat-security -Werror=format-security -D_FORTIFY_SOURCE=2 conftest.c >&5
configure:4523: $? = 0
configure:4540: result: yes
configure:4495: checking for inttypes.h
configure:4516: gcc -c -g -O2 -fstack-protector --param=ssp-buffer-size=4 -Wformat -Wformat-security -Werror=format-security -D_FORTIFY_SOURCE=2 conftest.c >&5
configure:4523: $? = 0
configure:4540: result: yes
configure:4495: checking for stdint.h
configure:4516: gcc -c -g -O2 -fstack-protector --param=ssp-buffer-size=4 -Wformat -Wformat-security -Werror=format-security -D_FORTIFY_SOURCE=2 conftest.c >&5
configure:4523: $? = 0
configure:4540: result: yes
configure:4495: checking for unistd.h
configure:4516: gcc -c -g -O2 -fstack-protector --param=ssp-buffer-size=4 -Wformat -Wformat-security -Werror=format-security -D_FORTIFY_SOURCE=2 conftest.c >&5
configure:4523: $? = 0
configure:4540: result: yes
configure:4575: checking errno.h usability
configure:4592: gcc -c -g -O2 -fstack-protector --param=ssp-buffer-size=4 -Wformat -Wformat-security -Werror=format-security -D_FORTIFY_SOURCE=2 conftest.c >&5
configure:4599: $? = 0
configure:4613: result: yes
configure:4617: checking errno.h presence
configure:4632: gcc -E -D_FORTIFY_SOURCE=2 conftest.c
configure:4639: $? = 0
configure:4653: result: yes
configure:4686: checking for errno.h
configure:4695: result: yes
configure:4564: checking for stdlib.h
configure:4571: result: yes
configure:4564: checking for string.h
configure:4571: result: yes
configure:4575: checking limits.h usability
configure:4592: gcc -c -g -O2 -fstack-protector --param=ssp-buffer-size=4 -Wformat -Wformat-security -Werror=format-security -D_FORTIFY_SOURCE=2 conftest.c >&5
configure:4599: $? = 0
configure:4613: result: yes
configure:4617: checking limits.h presence
configure:4632: gcc -E -D_FORTIFY_SOURCE=2 conftest.c
configure:4639: $? = 0
configure:4653: result: yes
configure:4686: checking for limits.h
configure:4695: result: yes
configure:4575: checking stddef.h usability
configure:4592: gcc -c -g -O2 -fstack-protector --param=ssp-buffer-size=4 -Wformat -Wformat-security -Werror=format-security -D_FORTIFY_SOURCE=2 conftest.c >&5
configure:4599: $? = 0
configure:4613: result: yes
configure:4617: checking stddef.h presence
configure:4632: gcc -E -D_FORTIFY_SOURCE=2 conftest.c
configure:4639: $? = 0
configure:4653: result: yes
configure:4686: checking for stddef.h
configure:4695: result: yes
configure:4575: checking paths.h usability
configure:4592: gcc -c -g -O2 -fstack-protector --param=ssp-buffer-size=4 -Wformat -Wformat-security -Werror=format-security -D_FORTIFY_SOURCE=2 conftest.c >&5
configure:4599: $? = 0
configure:4613: result: yes
configure:4617: checking paths.h presence
configure:4632: gcc -E -D_FORTIFY_SOURCE=2 conftest.c
configure:4639: $? = 0
configure:4653: result: yes
configure:4686: checking for paths.h
configure:4695: result: yes
configure:4713: checking for __attribute__
configure:4738: gcc -c -g -O2 -fstack-protector --param=ssp-buffer-size=4 -Wformat -Wformat-security -Werror=format-security -D_FORTIFY_SOURCE=2 conftest.c >&5
configure:4745: $? = 0
configure:4768: result: yes
configure:4771: checking for an ANSI C-conforming const
configure:4846: gcc -c -g -O2 -fstack-protector --param=ssp-buffer-size=4 -Wformat -Wformat-security -Werror=format-security -D_FORTIFY_SOURCE=2 conftest.c >&5
configure:4853: $? = 0
configure:4868: result: yes
configure:4878: checking for size_t
configure:4906: gcc -c -g -O2 -fstack-protector --param=ssp-buffer-size=4 -Wformat -Wformat-security -Werror=format-security -D_FORTIFY_SOURCE=2 conftest.c >&5
configure:4913: $? = 0
configure:4940: gcc -c -g -O2 -fstack-protector --param=ssp-buffer-size=4 -Wformat -Wformat-security -Werror=format-security -D_FORTIFY_SOURCE=2 conftest.c >&5
conftest.c: In function 'main':
conftest.c:64:21: error: expected expression before ')' token
configure:4947: $? = 1
configure: failed program was:
| /* confdefs.h.  */
| #define PACKAGE_NAME "I2util"
| #define PACKAGE_TARNAME "i2util"
| #define PACKAGE_VERSION "1.2"
| #define PACKAGE_STRING "I2util 1.2"
| #define PACKAGE_BUGREPORT "owamp-bugs@internet2.edu"
| #define I2_RANDOMDEV_PATH "/dev/urandom"
| #define _GNU_SOURCE 1
| #define _LARGEFILE_SOURCE 1
| #define STDC_HEADERS 1
| #define HAVE_SYS_TYPES_H 1
| #define HAVE_SYS_STAT_H 1
| #define HAVE_STDLIB_H 1
| #define HAVE_STRING_H 1
| #define HAVE_MEMORY_H 1
| #define HAVE_STRINGS_H 1
| #define HAVE_INTTYPES_H 1
| #define HAVE_STDINT_H 1
| #define HAVE_UNISTD_H 1
| #define HAVE_ERRNO_H 1
| #define HAVE_STDLIB_H 1
| #define HAVE_STRING_H 1
| #define HAVE_LIMITS_H 1
| #define HAVE_STDDEF_H 1
| #define HAVE_PATHS_H 1
| #define HAVE___ATTRIBUTE__ 1
| /* end confdefs.h.  */
| #include <stdio.h>
| #ifdef HAVE_SYS_TYPES_H
| # include <sys/types.h>
| #endif
| #ifdef HAVE_SYS_STAT_H
| # include <sys/stat.h>
| #endif
| #ifdef STDC_HEADERS
| # include <stdlib.h>
| # include <stddef.h>
| #else
| # ifdef HAVE_STDLIB_H
| #  include <stdlib.h>
| # endif
| #endif
| #ifdef HAVE_STRING_H
| # if !defined STDC_HEADERS && defined HAVE_MEMORY_H
| #  include <memory.h>
| # endif
| # include <string.h>
| #endif
| #ifdef HAVE_STRINGS_H
| # include <strings.h>
| #endif
| #ifdef HAVE_INTTYPES_H
| # include <inttypes.h>
| #endif
| #ifdef HAVE_STDINT_H
| # include <stdint.h>
| #endif
| #ifdef HAVE_UNISTD_H
| # include <unistd.h>
| #endif
| int
| main ()
| {
| if (sizeof ((size_t)))
| 	  return 0;
|   ;
|   return 0;
| }
configure:4970: result: yes
configure:4982: checking whether struct tm is in sys/time.h or time.h
configure:5012: gcc -c -g -O2 -fstack-protector --param=ssp-buffer-size=4 -Wformat -Wformat-security -Werror=format-security -D_FORTIFY_SOURCE=2 conftest.c >&5
configure:5019: $? = 0
configure:5034: result: time.h
configure:5045: checking for syslog names
configure:5081: gcc -c -g -O2 -fstack-protector --param=ssp-buffer-size=4 -Wformat -Wformat-security -Werror=format-security -D_FORTIFY_SOURCE=2 conftest.c >&5
conftest.c: In function 'foo':
conftest.c:11:16: error: 'prioritynames0' undeclared (first use in this function)
conftest.c:11:16: note: each undeclared identifier is reported only once for each function it appears in
conftest.c:16:10: error: 'facilitynames0' undeclared (first use in this function)
configure:5088: $? = 1
configure: failed program was:
| 
| #include <stdlib.h>
| #define	SYSLOG_NAMES
| #include <syslog.h>
| 
| static void foo(void);
| 
| static void
| foo(void)
| {
|   CODE	*ptr = &prioritynames0;
| 
|   while(ptr->c_name)
|       ptr++;
| 
|   ptr = &facilitynames0;
|   while(ptr->c_name)
|       ptr++;
| 
|   exit(0);
| }
| 
configure:5111: result: no
configure:5115: checking for syslog perror availability
configure:5137: gcc -c -g -O2 -fstack-protector --param=ssp-buffer-size=4 -Wformat -Wformat-security -Werror=format-security -D_FORTIFY_SOURCE=2 conftest.c >&5
configure:5144: $? = 0
configure:5167: result: yes
configure:5170: checking for struct sockaddr.sa_len
configure:5200: gcc -c -g -O2 -fstack-protector --param=ssp-buffer-size=4 -Wformat -Wformat-security -Werror=format-security -D_FORTIFY_SOURCE=2 conftest.c >&5
conftest.c: In function 'main':
conftest.c:36:12: error: 'struct sockaddr' has no member named 'sa_len'
configure:5207: $? = 1
configure: failed program was:
| /* confdefs.h.  */
| #define PACKAGE_NAME "I2util"
| #define PACKAGE_TARNAME "i2util"
| #define PACKAGE_VERSION "1.2"
| #define PACKAGE_STRING "I2util 1.2"
| #define PACKAGE_BUGREPORT "owamp-bugs@internet2.edu"
| #define I2_RANDOMDEV_PATH "/dev/urandom"
| #define _GNU_SOURCE 1
| #define _LARGEFILE_SOURCE 1
| #define STDC_HEADERS 1
| #define HAVE_SYS_TYPES_H 1
| #define HAVE_SYS_STAT_H 1
| #define HAVE_STDLIB_H 1
| #define HAVE_STRING_H 1
| #define HAVE_MEMORY_H 1
| #define HAVE_STRINGS_H 1
| #define HAVE_INTTYPES_H 1
| #define HAVE_STDINT_H 1
| #define HAVE_UNISTD_H 1
| #define HAVE_ERRNO_H 1
| #define HAVE_STDLIB_H 1
| #define HAVE_STRING_H 1
| #define HAVE_LIMITS_H 1
| #define HAVE_STDDEF_H 1
| #define HAVE_PATHS_H 1
| #define HAVE___ATTRIBUTE__ 1
| #define HAVE_SYSLOG_PERROR 1
| /* end confdefs.h.  */
| #include <sys/types.h>
|                   #include <sys/socket.h>
| 
| int
| main ()
| {
| static struct sockaddr ac_aggr;
| if (ac_aggr.sa_len)
| return 0;
|   ;
|   return 0;
| }
configure:5242: gcc -c -g -O2 -fstack-protector --param=ssp-buffer-size=4 -Wformat -Wformat-security -Werror=format-security -D_FORTIFY_SOURCE=2 conftest.c >&5
conftest.c: In function 'main':
conftest.c:36:19: error: 'struct sockaddr' has no member named 'sa_len'
configure:5249: $? = 1
configure: failed program was:
| /* confdefs.h.  */
| #define PACKAGE_NAME "I2util"
| #define PACKAGE_TARNAME "i2util"
| #define PACKAGE_VERSION "1.2"
| #define PACKAGE_STRING "I2util 1.2"
| #define PACKAGE_BUGREPORT "owamp-bugs@internet2.edu"
| #define I2_RANDOMDEV_PATH "/dev/urandom"
| #define _GNU_SOURCE 1
| #define _LARGEFILE_SOURCE 1
| #define STDC_HEADERS 1
| #define HAVE_SYS_TYPES_H 1
| #define HAVE_SYS_STAT_H 1
| #define HAVE_STDLIB_H 1
| #define HAVE_STRING_H 1
| #define HAVE_MEMORY_H 1
| #define HAVE_STRINGS_H 1
| #define HAVE_INTTYPES_H 1
| #define HAVE_STDINT_H 1
| #define HAVE_UNISTD_H 1
| #define HAVE_ERRNO_H 1
| #define HAVE_STDLIB_H 1
| #define HAVE_STRING_H 1
| #define HAVE_LIMITS_H 1
| #define HAVE_STDDEF_H 1
| #define HAVE_PATHS_H 1
| #define HAVE___ATTRIBUTE__ 1
| #define HAVE_SYSLOG_PERROR 1
| /* end confdefs.h.  */
| #include <sys/types.h>
|                   #include <sys/socket.h>
| 
| int
| main ()
| {
| static struct sockaddr ac_aggr;
| if (sizeof ac_aggr.sa_len)
| return 0;
|   ;
|   return 0;
| }
configure:5267: result: no
configure:5278: checking whether sys_nerr is declared
configure:5309: gcc -c -g -O2 -fstack-protector --param=ssp-buffer-size=4 -Wformat -Wformat-security -Werror=format-security -D_FORTIFY_SOURCE=2 conftest.c >&5
configure:5316: $? = 0
configure:5331: result: yes
configure:5347: checking whether sys_errlist is declared
configure:5378: gcc -c -g -O2 -fstack-protector --param=ssp-buffer-size=4 -Wformat -Wformat-security -Werror=format-security -D_FORTIFY_SOURCE=2 conftest.c >&5
configure:5385: $? = 0
configure:5400: result: yes
configure:5425: checking for stdlib.h
configure:5432: result: yes
configure:5571: checking for GNU libc compatible malloc
configure:5605: gcc -o conftest -g -O2 -fstack-protector --param=ssp-buffer-size=4 -Wformat -Wformat-security -Werror=format-security -D_FORTIFY_SOURCE=2 -Wl,-Bsymbolic-functions -Wl,-z,relro conftest.c  >&5
configure:5609: $? = 0
configure:5615: ./conftest
configure:5619: $? = 0
configure:5636: result: yes
configure:5668: checking for strftime
configure:5724: gcc -o conftest -g -O2 -fstack-protector --param=ssp-buffer-size=4 -Wformat -Wformat-security -Werror=format-security -D_FORTIFY_SOURCE=2 -Wl,-Bsymbolic-functions -Wl,-z,relro conftest.c  >&5
conftest.c:56:6: warning: conflicting types for built-in function 'strftime' [enabled by default]
configure:5731: $? = 0
configure:5753: result: yes
configure:5850: checking for memset
configure:5906: gcc -o conftest -g -O2 -fstack-protector --param=ssp-buffer-size=4 -Wformat -Wformat-security -Werror=format-security -D_FORTIFY_SOURCE=2 -Wl,-Bsymbolic-functions -Wl,-z,relro conftest.c  >&5
conftest.c:57:6: warning: conflicting types for built-in function 'memset' [enabled by default]
configure:5913: $? = 0
configure:5935: result: yes
configure:5850: checking for strdup
configure:5906: gcc -o conftest -g -O2 -fstack-protector --param=ssp-buffer-size=4 -Wformat -Wformat-security -Werror=format-security -D_FORTIFY_SOURCE=2 -Wl,-Bsymbolic-functions -Wl,-z,relro conftest.c  >&5
conftest.c:58:6: warning: conflicting types for built-in function 'strdup' [enabled by default]
configure:5913: $? = 0
configure:5935: result: yes
configure:5850: checking for strerror
configure:5906: gcc -o conftest -g -O2 -fstack-protector --param=ssp-buffer-size=4 -Wformat -Wformat-security -Werror=format-security -D_FORTIFY_SOURCE=2 -Wl,-Bsymbolic-functions -Wl,-z,relro conftest.c  >&5
configure:5913: $? = 0
configure:5935: result: yes
configure:5850: checking for strtol
configure:5906: gcc -o conftest -g -O2 -fstack-protector --param=ssp-buffer-size=4 -Wformat -Wformat-security -Werror=format-security -D_FORTIFY_SOURCE=2 -Wl,-Bsymbolic-functions -Wl,-z,relro conftest.c  >&5
configure:5913: $? = 0
configure:5935: result: yes
configure:5850: checking for strtoul
configure:5906: gcc -o conftest -g -O2 -fstack-protector --param=ssp-buffer-size=4 -Wformat -Wformat-security -Werror=format-security -D_FORTIFY_SOURCE=2 -Wl,-Bsymbolic-functions -Wl,-z,relro conftest.c  >&5
configure:5913: $? = 0
configure:5935: result: yes
configure:5850: checking for socket
configure:5906: gcc -o conftest -g -O2 -fstack-protector --param=ssp-buffer-size=4 -Wformat -Wformat-security -Werror=format-security -D_FORTIFY_SOURCE=2 -Wl,-Bsymbolic-functions -Wl,-z,relro conftest.c  >&5
configure:5913: $? = 0
configure:5935: result: yes
configure:5850: checking for getaddrinfo
configure:5906: gcc -o conftest -g -O2 -fstack-protector --param=ssp-buffer-size=4 -Wformat -Wformat-security -Werror=format-security -D_FORTIFY_SOURCE=2 -Wl,-Bsymbolic-functions -Wl,-z,relro conftest.c  >&5
configure:5913: $? = 0
configure:5935: result: yes
configure:5954: checking for man2html
configure:5984: result: no
configure:6146: creating ./config.status

## ---------------------- ##
## Running config.status. ##
## ---------------------- ##

This file was extended by I2util config.status 1.2, which was
generated by GNU Autoconf 2.63.  Invocation command line was

  CONFIG_FILES    = 
  CONFIG_HEADERS  = 
  CONFIG_LINKS    = 
  CONFIG_COMMANDS = 
  $ ./config.status 

on artoo.mtv.corp.google.com

config.status:812: creating Makefile
config.status:812: creating I2util/Makefile
config.status:812: creating aespasswd/Makefile
config.status:812: creating pfstore/Makefile
config.status:812: creating doc/Makefile
config.status:812: creating test/Makefile
config.status:812: creating I2util.spec
config.status:812: creating I2util/config.h
config.status:1079: executing depfiles commands
config.status:1079: executing default commands

## ---------------- ##
## Cache variables. ##
## ---------------- ##

ac_cv___attribute__=yes
ac_cv_build=x86_64-pc-linux-gnu
ac_cv_c_compiler_gnu=yes
ac_cv_c_const=yes
ac_cv_env_CC_set=
ac_cv_env_CC_value=
ac_cv_env_CFLAGS_set=set
ac_cv_env_CFLAGS_value='-g -O2 -fstack-protector --param=ssp-buffer-size=4 -Wformat -Wformat-security -Werror=format-security'
ac_cv_env_CPPFLAGS_set=set
ac_cv_env_CPPFLAGS_value=-D_FORTIFY_SOURCE=2
ac_cv_env_CPP_set=
ac_cv_env_CPP_value=
ac_cv_env_LDFLAGS_set=set
ac_cv_env_LDFLAGS_value='-Wl,-Bsymbolic-functions -Wl,-z,relro'
ac_cv_env_LIBS_set=
ac_cv_env_LIBS_value=
ac_cv_env_build_alias_set=set
ac_cv_env_build_alias_value=x86_64-linux-gnu
ac_cv_env_host_alias_set=
ac_cv_env_host_alias_value=
ac_cv_env_target_alias_set=
ac_cv_env_target_alias_value=
ac_cv_func_getaddrinfo=yes
ac_cv_func_malloc_0_nonnull=yes
ac_cv_func_memset=yes
ac_cv_func_socket=yes
ac_cv_func_strdup=yes
ac_cv_func_strerror=yes
ac_cv_func_strftime=yes
ac_cv_func_strtol=yes
ac_cv_func_strtoul=yes
ac_cv_have_decl_sys_errlist=yes
ac_cv_have_decl_sys_nerr=yes
ac_cv_header_errno_h=yes
ac_cv_header_inttypes_h=yes
ac_cv_header_limits_h=yes
ac_cv_header_memory_h=yes
ac_cv_header_paths_h=yes
ac_cv_header_stdc=yes
ac_cv_header_stddef_h=yes
ac_cv_header_stdint_h=yes
ac_cv_header_stdlib_h=yes
ac_cv_header_string_h=yes
ac_cv_header_strings_h=yes
ac_cv_header_sys_stat_h=yes
ac_cv_header_sys_types_h=yes
ac_cv_header_unistd_h=yes
ac_cv_host=x86_64-pc-linux-gnu
ac_cv_member_struct_sockaddr_sa_len=no
ac_cv_objext=o
ac_cv_path_EGREP='/bin/grep -E'
ac_cv_path_GREP=/bin/grep
ac_cv_path_install='/usr/bin/install -c'
ac_cv_prog_AWK=gawk
ac_cv_prog_CPP='gcc -E'
ac_cv_prog_ac_ct_CC=gcc
ac_cv_prog_ac_ct_RANLIB=ranlib
ac_cv_prog_cc_c89=
ac_cv_prog_cc_g=yes
ac_cv_prog_make_make_set=yes
ac_cv_search_getaddrinfo='none required'
ac_cv_search_gethostbyname='none required'
ac_cv_search_socket='none required'
ac_cv_struct_tm=time.h
ac_cv_syslognames=no
ac_cv_syslogperror=yes
ac_cv_type_size_t=yes
am_cv_CC_dependencies_compiler_type=none
i2_cv_randomdev=/dev/urandom

## ----------------- ##
## Output variables. ##
## ----------------- ##

ACLOCAL='${SHELL} /home/dominich/git/ndt-debian/ndt-3.6.5.2/I2util/config/missing --run aclocal-1.9'
AMDEPBACKSLASH=''
AMDEP_FALSE=''
AMDEP_TRUE='#'
AMTAR='${SHELL} /home/dominich/git/ndt-debian/ndt-3.6.5.2/I2util/config/missing --run tar'
AUTOCONF='${SHELL} /home/dominich/git/ndt-debian/ndt-3.6.5.2/I2util/config/missing --run autoconf'
AUTOHEADER='${SHELL} /home/dominich/git/ndt-debian/ndt-3.6.5.2/I2util/config/missing --run autoheader'
AUTOMAKE='${SHELL} /home/dominich/git/ndt-debian/ndt-3.6.5.2/I2util/config/missing --run automake-1.9'
AWK='gawk'
CC='gcc'
CCDEPMODE='depmode=none'
CFLAGS='-g -O2 -fstack-protector --param=ssp-buffer-size=4 -Wformat -Wformat-security -Werror=format-security'
CPP='gcc -E'
CPPFLAGS='-D_FORTIFY_SOURCE=2'
CYGPATH_W='echo'
DEFS='-DHAVE_CONFIG_H'
DEPDIR='.deps'
ECHO_C=''
ECHO_N='-n'
ECHO_T=''
EGREP='/bin/grep -E'
EXEEXT=''
GREP='/bin/grep'
HAVE_MAN2HTML_FALSE=''
HAVE_MAN2HTML_TRUE='#'
I2THREADS_ENABLE_FALSE=''
I2THREADS_ENABLE_TRUE='#'
I2UTILINCS='-I${top_srcdir}'
I2UTILLIBDEPS='${top_srcdir}/I2util/libI2util.a'
I2UTILLIBS='-L${top_srcdir}/I2util -lI2util'
INSTALL_DATA='${INSTALL} -m 644'
INSTALL_PROGRAM='${INSTALL}'
INSTALL_SCRIPT='${INSTALL}'
INSTALL_STRIP_PROGRAM='${SHELL} $(install_sh) -c -s'
LDFLAGS='-Wl,-Bsymbolic-functions -Wl,-z,relro'
LIBOBJS=''
LIBS=''
LTLIBOBJS=''
MAKEINFO='${SHELL} /home/dominich/git/ndt-debian/ndt-3.6.5.2/I2util/config/missing --run makeinfo'
MAN2HTML=''
OBJEXT='o'
PACKAGE='I2util'
PACKAGE_BUGREPORT='owamp-bugs@internet2.edu'
PACKAGE_NAME='I2util'
PACKAGE_STRING='I2util 1.2'
PACKAGE_TARNAME='i2util'
PACKAGE_VERSION='1.2'
PATH_SEPARATOR=':'
RANLIB='ranlib'
SET_MAKE=''
SHELL='/bin/sh'
STRIP=''
VERSION='1.2'
ac_aux_dir='config'
ac_ct_CC='gcc'
am__fastdepCC_FALSE=''
am__fastdepCC_TRUE='#'
am__include='include'
am__leading_dot='.'
am__quote=''
am__tar='${AMTAR} chof - "$$tardir"'
am__untar='${AMTAR} xf -'
bindir='${exec_prefix}/bin'
build='x86_64-pc-linux-gnu'
build_alias='x86_64-linux-gnu'
build_cpu='x86_64'
build_os='linux-gnu'
build_vendor='pc'
datadir='${datarootdir}'
datarootdir='${prefix}/share'
docdir='${datarootdir}/doc/${PACKAGE_TARNAME}'
dvidir='${docdir}'
exec_prefix='${prefix}'
host='x86_64-pc-linux-gnu'
host_alias=''
host_cpu='x86_64'
host_os='linux-gnu'
host_vendor='pc'
htmldir='${docdir}'
includedir='${prefix}/include'
infodir='${prefix}/share/info'
install_sh='/home/dominich/git/ndt-debian/ndt-3.6.5.2/I2util/config/install-sh'
libdir='${prefix}/lib/x86_64-linux-gnu'
libexecdir='${prefix}/lib/x86_64-linux-gnu'
localedir='${datarootdir}/locale'
localstatedir='/var'
mandir='${prefix}/share/man'
mkdir_p='mkdir -p --'
oldincludedir='/usr/include'
pdfdir='${docdir}'
prefix='/usr'
program_transform_name='s,x,x,'
psdir='${docdir}'
sbindir='${exec_prefix}/sbin'
sharedstatedir='${prefix}/com'
sysconfdir='/etc'
target_alias=''

## ----------- ##
## confdefs.h. ##
## ----------- ##

#define PACKAGE_NAME "I2util"
#define PACKAGE_TARNAME "i2util"
#define PACKAGE_VERSION "1.2"
#define PACKAGE_STRING "I2util 1.2"
#define PACKAGE_BUGREPORT "owamp-bugs@internet2.edu"
#define I2_RANDOMDEV_PATH "/dev/urandom"
#define _GNU_SOURCE 1
#define _LARGEFILE_SOURCE 1
#define STDC_HEADERS 1
#define HAVE_SYS_TYPES_H 1
#define HAVE_SYS_STAT_H 1
#define HAVE_STDLIB_H 1
#define HAVE_STRING_H 1
#define HAVE_MEMORY_H 1
#define HAVE_STRINGS_H 1
#define HAVE_INTTYPES_H 1
#define HAVE_STDINT_H 1
#define HAVE_UNISTD_H 1
#define HAVE_ERRNO_H 1
#define HAVE_STDLIB_H 1
#define HAVE_STRING_H 1
#define HAVE_LIMITS_H 1
#define HAVE_STDDEF_H 1
#define HAVE_PATHS_H 1
#define HAVE___ATTRIBUTE__ 1
#define HAVE_SYSLOG_PERROR 1
#define HAVE_DECL_SYS_NERR 1
#define HAVE_DECL_SYS_ERRLIST 1
#define HAVE_STDLIB_H 1
#define HAVE_MALLOC 1
#define HAVE_STRFTIME 1
#define HAVE_MEMSET 1
#define HAVE_STRDUP 1
#define HAVE_STRERROR 1
#define HAVE_STRTOL 1
#define HAVE_STRTOUL 1
#define HAVE_SOCKET 1
#define HAVE_GETADDRINFO 1

configure: exit 0
